2020-03-20 09:32:01.106 [Thread-52] INFO  org.springframework.scheduling.concurrent.ThreadPoolTaskScheduler - Shutting down ExecutorService 'taskScheduler'
2020-03-20 09:32:01.130 [Thread-52] INFO  org.springframework.scheduling.concurrent.ThreadPoolTaskExecutor - Shutting down ExecutorService 'applicationTaskExecutor'
2020-03-20 09:32:21.780 [restartedMain] INFO  com.penghk.fund.roboadvisor.RoboadvisorApplication - Starting RoboadvisorApplication on penghangkongdeMacBook-Pro.local with PID 74800 (/Users/xmly/workspace/fund/roboadvisor/target/classes started by xmly in /Users/xmly/workspace/fund/roboadvisor)
2020-03-20 09:32:21.781 [restartedMain] INFO  com.penghk.fund.roboadvisor.RoboadvisorApplication - No active profile set, falling back to default profiles: default
2020-03-20 09:32:22.329 [restartedMain] INFO  org.springframework.boot.web.embedded.tomcat.TomcatWebServer - Tomcat initialized with port(s): 8080 (http)
2020-03-20 09:32:22.330 [restartedMain] INFO  org.apache.coyote.http11.Http11NioProtocol - Initializing ProtocolHandler ["http-nio-8080"]
2020-03-20 09:32:22.330 [restartedMain] INFO  org.apache.catalina.core.StandardService - Starting service [Tomcat]
2020-03-20 09:32:22.330 [restartedMain] INFO  org.apache.catalina.core.StandardEngine - Starting Servlet engine: [Apache Tomcat/9.0.31]
2020-03-20 09:32:22.355 [restartedMain] INFO  org.apache.catalina.core.ContainerBase.[Tomcat].[localhost].[/] - Initializing Spring embedded WebApplicationContext
2020-03-20 09:32:22.356 [restartedMain] INFO  org.springframework.web.context.ContextLoader - Root WebApplicationContext: initialization completed in 565 ms
2020-03-20 09:32:22.585 [restartedMain] INFO  org.springframework.scheduling.concurrent.ThreadPoolTaskExecutor - Initializing ExecutorService 'applicationTaskExecutor'
2020-03-20 09:32:22.689 [restartedMain] INFO  org.springframework.scheduling.concurrent.ThreadPoolTaskScheduler - Initializing ExecutorService 'taskScheduler'
2020-03-20 09:32:22.717 [restartedMain] INFO  org.springframework.boot.devtools.autoconfigure.OptionalLiveReloadServer - LiveReload server is running on port 35729
2020-03-20 09:32:22.743 [restartedMain] INFO  org.apache.coyote.http11.Http11NioProtocol - Starting ProtocolHandler ["http-nio-8080"]
2020-03-20 09:32:22.751 [restartedMain] INFO  org.springframework.boot.web.embedded.tomcat.TomcatWebServer - Tomcat started on port(s): 8080 (http) with context path ''
2020-03-20 09:32:22.752 [restartedMain] INFO  com.penghk.fund.roboadvisor.RoboadvisorApplication - Started RoboadvisorApplication in 21.07 seconds (JVM running for 592.31)
2020-03-20 09:32:22.756 [restartedMain] INFO  org.springframework.boot.devtools.autoconfigure.ConditionEvaluationDeltaLoggingListener - Condition evaluation unchanged
2020-03-20 09:40:06.049 [SpringContextShutdownHook] INFO  org.springframework.scheduling.concurrent.ThreadPoolTaskScheduler - Shutting down ExecutorService 'taskScheduler'
2020-03-20 09:40:06.055 [SpringContextShutdownHook] INFO  org.springframework.scheduling.concurrent.ThreadPoolTaskExecutor - Shutting down ExecutorService 'applicationTaskExecutor'
2020-03-20 09:40:42.944 [restartedMain] INFO  com.penghk.fund.roboadvisor.RoboadvisorApplication - Starting RoboadvisorApplication on penghangkongdeMacBook-Pro.local with PID 75213 (/Users/xmly/workspace/fund/roboadvisor/target/classes started by xmly in /Users/xmly/workspace/fund/roboadvisor)
2020-03-20 09:40:42.947 [restartedMain] INFO  com.penghk.fund.roboadvisor.RoboadvisorApplication - No active profile set, falling back to default profiles: default
2020-03-20 09:40:43.002 [restartedMain] INFO  org.springframework.boot.devtools.env.DevToolsPropertyDefaultsPostProcessor - Devtools property defaults active! Set 'spring.devtools.add-properties' to 'false' to disable
2020-03-20 09:40:43.002 [restartedMain] INFO  org.springframework.boot.devtools.env.DevToolsPropertyDefaultsPostProcessor - For additional web related logging consider setting the 'logging.level.web' property to 'DEBUG'
2020-03-20 09:40:44.311 [restartedMain] INFO  org.springframework.boot.web.embedded.tomcat.TomcatWebServer - Tomcat initialized with port(s): 8080 (http)
2020-03-20 09:40:44.323 [restartedMain] INFO  org.apache.coyote.http11.Http11NioProtocol - Initializing ProtocolHandler ["http-nio-8080"]
2020-03-20 09:40:44.324 [restartedMain] INFO  org.apache.catalina.core.StandardService - Starting service [Tomcat]
2020-03-20 09:40:44.324 [restartedMain] INFO  org.apache.catalina.core.StandardEngine - Starting Servlet engine: [Apache Tomcat/9.0.31]
2020-03-20 09:40:44.438 [restartedMain] INFO  org.apache.catalina.core.ContainerBase.[Tomcat].[localhost].[/] - Initializing Spring embedded WebApplicationContext
2020-03-20 09:40:44.438 [restartedMain] INFO  org.springframework.web.context.ContextLoader - Root WebApplicationContext: initialization completed in 1436 ms
2020-03-20 09:40:45.260 [restartedMain] INFO  org.springframework.scheduling.concurrent.ThreadPoolTaskExecutor - Initializing ExecutorService 'applicationTaskExecutor'
2020-03-20 09:40:45.432 [restartedMain] INFO  org.springframework.scheduling.concurrent.ThreadPoolTaskScheduler - Initializing ExecutorService 'taskScheduler'
2020-03-20 09:40:45.469 [restartedMain] INFO  org.springframework.boot.devtools.autoconfigure.OptionalLiveReloadServer - LiveReload server is running on port 35729
2020-03-20 09:40:45.498 [restartedMain] INFO  org.apache.coyote.http11.Http11NioProtocol - Starting ProtocolHandler ["http-nio-8080"]
2020-03-20 09:40:45.530 [restartedMain] INFO  org.springframework.boot.web.embedded.tomcat.TomcatWebServer - Tomcat started on port(s): 8080 (http) with context path ''
2020-03-20 09:40:45.534 [restartedMain] INFO  com.penghk.fund.roboadvisor.RoboadvisorApplication - Started RoboadvisorApplication in 23.128 seconds (JVM running for 29.103)
2020-03-20 09:42:00.111 [scheduling-1] INFO  com.penghk.fund.roboadvisor.util.TushareUtils - request : {"api_name":"index_daily","fields":"ts_code,close,pct_chg","params":{"trade_date":"20200319","ts_code":"000300.SH"},"token":"f9e661b705630da6c6203efa6bfe39b20e8cad70b2ccb362a22b46e5"}
2020-03-20 09:42:00.328 [scheduling-1] INFO  com.penghk.fund.roboadvisor.util.TushareUtils - get response : {"request_id": "fde0ee186a4b11ea9b130daba676e4b91584668520268982", "code": 0, "msg": "", "data": {"fields": ["ts_code", "close", "pct_chg"], "items": [["000300.SH", 3589.0926, -1.2970]], "has_more": false}}
2020-03-20 09:42:00.338 [scheduling-1] INFO  com.penghk.fund.roboadvisor.service.impl.WeekInvestServiceImpl - presentInvest : 859.70
2020-03-20 09:52:48.838 [Thread-52] INFO  org.springframework.scheduling.concurrent.ThreadPoolTaskScheduler - Shutting down ExecutorService 'taskScheduler'
2020-03-20 09:52:48.840 [Thread-52] INFO  org.springframework.scheduling.concurrent.ThreadPoolTaskExecutor - Shutting down ExecutorService 'applicationTaskExecutor'
2020-03-20 09:53:09.196 [restartedMain] INFO  com.penghk.fund.roboadvisor.RoboadvisorApplication - Starting RoboadvisorApplication on penghangkongdeMacBook-Pro.local with PID 75213 (/Users/xmly/workspace/fund/roboadvisor/target/classes started by xmly in /Users/xmly/workspace/fund/roboadvisor)
2020-03-20 09:53:09.196 [restartedMain] INFO  com.penghk.fund.roboadvisor.RoboadvisorApplication - No active profile set, falling back to default profiles: default
2020-03-20 09:53:09.456 [restartedMain] INFO  org.springframework.boot.web.embedded.tomcat.TomcatWebServer - Tomcat initialized with port(s): 8080 (http)
2020-03-20 09:53:09.457 [restartedMain] INFO  org.apache.coyote.http11.Http11NioProtocol - Initializing ProtocolHandler ["http-nio-8080"]
2020-03-20 09:53:09.457 [restartedMain] INFO  org.apache.catalina.core.StandardService - Starting service [Tomcat]
2020-03-20 09:53:09.457 [restartedMain] INFO  org.apache.catalina.core.StandardEngine - Starting Servlet engine: [Apache Tomcat/9.0.31]
2020-03-20 09:53:09.465 [restartedMain] INFO  org.apache.catalina.core.ContainerBase.[Tomcat].[localhost].[/] - Initializing Spring embedded WebApplicationContext
2020-03-20 09:53:09.465 [restartedMain] INFO  org.springframework.web.context.ContextLoader - Root WebApplicationContext: initialization completed in 261 ms
2020-03-20 09:53:09.568 [restartedMain] INFO  org.springframework.scheduling.concurrent.ThreadPoolTaskExecutor - Initializing ExecutorService 'applicationTaskExecutor'
2020-03-20 09:53:09.615 [restartedMain] INFO  org.springframework.scheduling.concurrent.ThreadPoolTaskScheduler - Initializing ExecutorService 'taskScheduler'
2020-03-20 09:53:09.628 [restartedMain] INFO  org.springframework.boot.devtools.autoconfigure.OptionalLiveReloadServer - LiveReload server is running on port 35729
2020-03-20 09:53:09.639 [restartedMain] INFO  org.apache.coyote.http11.Http11NioProtocol - Starting ProtocolHandler ["http-nio-8080"]
2020-03-20 09:53:09.641 [restartedMain] INFO  org.springframework.boot.web.embedded.tomcat.TomcatWebServer - Tomcat started on port(s): 8080 (http) with context path ''
2020-03-20 09:53:09.641 [restartedMain] INFO  com.penghk.fund.roboadvisor.RoboadvisorApplication - Started RoboadvisorApplication in 20.537 seconds (JVM running for 773.186)
2020-03-20 09:53:09.644 [restartedMain] INFO  org.springframework.boot.devtools.autoconfigure.ConditionEvaluationDeltaLoggingListener - Condition evaluation unchanged
2020-03-20 09:55:54.058 [SpringContextShutdownHook] INFO  org.springframework.scheduling.concurrent.ThreadPoolTaskScheduler - Shutting down ExecutorService 'taskScheduler'
2020-03-20 09:55:54.063 [SpringContextShutdownHook] INFO  org.springframework.scheduling.concurrent.ThreadPoolTaskExecutor - Shutting down ExecutorService 'applicationTaskExecutor'
2020-03-20 15:18:49.481 [restartedMain] INFO  com.penghk.fund.roboadvisor.RoboadvisorApplication - Starting RoboadvisorApplication on penghangkongdeMacBook-Pro.local with PID 77421 (/Users/xmly/workspace/fund/roboadvisor/target/classes started by xmly in /Users/xmly/workspace/fund/roboadvisor)
2020-03-20 15:18:49.484 [restartedMain] INFO  com.penghk.fund.roboadvisor.RoboadvisorApplication - No active profile set, falling back to default profiles: default
2020-03-20 15:18:49.532 [restartedMain] INFO  org.springframework.boot.devtools.env.DevToolsPropertyDefaultsPostProcessor - Devtools property defaults active! Set 'spring.devtools.add-properties' to 'false' to disable
2020-03-20 15:18:49.533 [restartedMain] INFO  org.springframework.boot.devtools.env.DevToolsPropertyDefaultsPostProcessor - For additional web related logging consider setting the 'logging.level.web' property to 'DEBUG'
2020-03-20 15:18:50.640 [restartedMain] INFO  org.springframework.boot.web.embedded.tomcat.TomcatWebServer - Tomcat initialized with port(s): 8080 (http)
2020-03-20 15:18:50.650 [restartedMain] INFO  org.apache.coyote.http11.Http11NioProtocol - Initializing ProtocolHandler ["http-nio-8080"]
2020-03-20 15:18:50.651 [restartedMain] INFO  org.apache.catalina.core.StandardService - Starting service [Tomcat]
2020-03-20 15:18:50.652 [restartedMain] INFO  org.apache.catalina.core.StandardEngine - Starting Servlet engine: [Apache Tomcat/9.0.31]
2020-03-20 15:18:50.735 [restartedMain] INFO  org.apache.catalina.core.ContainerBase.[Tomcat].[localhost].[/] - Initializing Spring embedded WebApplicationContext
2020-03-20 15:18:50.735 [restartedMain] INFO  org.springframework.web.context.ContextLoader - Root WebApplicationContext: initialization completed in 1202 ms
2020-03-20 15:18:51.450 [restartedMain] INFO  org.springframework.scheduling.concurrent.ThreadPoolTaskExecutor - Initializing ExecutorService 'applicationTaskExecutor'
2020-03-20 15:18:51.593 [restartedMain] INFO  org.springframework.scheduling.concurrent.ThreadPoolTaskScheduler - Initializing ExecutorService 'taskScheduler'
2020-03-20 15:18:51.622 [restartedMain] INFO  org.springframework.boot.devtools.autoconfigure.OptionalLiveReloadServer - LiveReload server is running on port 35729
2020-03-20 15:18:51.644 [restartedMain] INFO  org.apache.coyote.http11.Http11NioProtocol - Starting ProtocolHandler ["http-nio-8080"]
2020-03-20 15:18:51.678 [restartedMain] INFO  org.springframework.boot.web.embedded.tomcat.TomcatWebServer - Tomcat started on port(s): 8080 (http) with context path ''
2020-03-20 15:18:51.682 [restartedMain] INFO  com.penghk.fund.roboadvisor.RoboadvisorApplication - Started RoboadvisorApplication in 22.631 seconds (JVM running for 28.538)
2020-03-20 15:30:00.099 [scheduling-1] INFO  com.penghk.fund.roboadvisor.util.TushareUtils - request : {"api_name":"index_daily","fields":"ts_code,close,pct_chg","params":{"trade_date":"20200320","ts_code":"000300.SH"},"token":"f9e661b705630da6c6203efa6bfe39b20e8cad70b2ccb362a22b46e5"}
2020-03-20 15:30:00.402 [scheduling-1] INFO  com.penghk.fund.roboadvisor.util.TushareUtils - get response : {"request_id": "9b5ca0d06a7c11ea8656550257a66ad91584689400324962", "code": 0, "msg": "", "data": {"fields": ["ts_code", "close", "pct_chg"], "items": [], "has_more": false}}
2020-03-20 15:30:00.409 [scheduling-1] INFO  com.penghk.fund.roboadvisor.service.impl.IndexMonitorImpl - null
2020-03-20 16:04:13.045 [Thread-50] INFO  org.springframework.scheduling.concurrent.ThreadPoolTaskScheduler - Shutting down ExecutorService 'taskScheduler'
2020-03-20 16:04:13.048 [Thread-50] INFO  org.springframework.scheduling.concurrent.ThreadPoolTaskExecutor - Shutting down ExecutorService 'applicationTaskExecutor'
2020-03-20 16:04:33.412 [restartedMain] INFO  com.penghk.fund.roboadvisor.RoboadvisorApplication - Starting RoboadvisorApplication on penghangkongdeMacBook-Pro.local with PID 77421 (/Users/xmly/workspace/fund/roboadvisor/target/classes started by xmly in /Users/xmly/workspace/fund/roboadvisor)
2020-03-20 16:04:33.413 [restartedMain] INFO  com.penghk.fund.roboadvisor.RoboadvisorApplication - No active profile set, falling back to default profiles: default
2020-03-20 16:04:33.714 [restartedMain] INFO  org.springframework.boot.web.embedded.tomcat.TomcatWebServer - Tomcat initialized with port(s): 8080 (http)
2020-03-20 16:04:33.715 [restartedMain] INFO  org.apache.coyote.http11.Http11NioProtocol - Initializing ProtocolHandler ["http-nio-8080"]
2020-03-20 16:04:33.715 [restartedMain] INFO  org.apache.catalina.core.StandardService - Starting service [Tomcat]
2020-03-20 16:04:33.715 [restartedMain] INFO  org.apache.catalina.core.StandardEngine - Starting Servlet engine: [Apache Tomcat/9.0.31]
2020-03-20 16:04:33.730 [restartedMain] INFO  org.apache.catalina.core.ContainerBase.[Tomcat].[localhost].[/] - Initializing Spring embedded WebApplicationContext
2020-03-20 16:04:33.730 [restartedMain] INFO  org.springframework.web.context.ContextLoader - Root WebApplicationContext: initialization completed in 313 ms
2020-03-20 16:04:33.865 [restartedMain] INFO  org.springframework.scheduling.concurrent.ThreadPoolTaskExecutor - Initializing ExecutorService 'applicationTaskExecutor'
2020-03-20 16:04:33.919 [restartedMain] INFO  org.springframework.scheduling.concurrent.ThreadPoolTaskScheduler - Initializing ExecutorService 'taskScheduler'
2020-03-20 16:04:33.935 [restartedMain] INFO  org.springframework.boot.devtools.autoconfigure.OptionalLiveReloadServer - LiveReload server is running on port 35729
2020-03-20 16:04:33.948 [restartedMain] INFO  org.apache.coyote.http11.Http11NioProtocol - Starting ProtocolHandler ["http-nio-8080"]
2020-03-20 16:04:33.950 [restartedMain] INFO  org.springframework.boot.web.embedded.tomcat.TomcatWebServer - Tomcat started on port(s): 8080 (http) with context path ''
2020-03-20 16:04:33.951 [restartedMain] INFO  com.penghk.fund.roboadvisor.RoboadvisorApplication - Started RoboadvisorApplication in 20.612 seconds (JVM running for 2770.784)
2020-03-20 16:04:33.952 [restartedMain] INFO  org.springframework.boot.devtools.autoconfigure.ConditionEvaluationDeltaLoggingListener - Condition evaluation unchanged
2020-03-20 16:06:19.243 [Thread-58] INFO  org.springframework.scheduling.concurrent.ThreadPoolTaskScheduler - Shutting down ExecutorService 'taskScheduler'
2020-03-20 16:06:19.247 [Thread-58] INFO  org.springframework.scheduling.concurrent.ThreadPoolTaskExecutor - Shutting down ExecutorService 'applicationTaskExecutor'
2020-03-20 16:06:26.652 [main] INFO  org.springframework.boot.test.context.SpringBootTestContextBootstrapper - Neither @ContextConfiguration nor @ContextHierarchy found for test class [com.penghk.fund.roboadvisor.RoboadvisorApplicationTests], using SpringBootContextLoader
2020-03-20 16:06:26.660 [main] INFO  org.springframework.test.context.support.AbstractContextLoader - Could not detect default resource locations for test class [com.penghk.fund.roboadvisor.RoboadvisorApplicationTests]: no resource found for suffixes {-context.xml, Context.groovy}.
2020-03-20 16:06:26.661 [main] INFO  org.springframework.test.context.support.AnnotationConfigContextLoaderUtils - Could not detect default configuration classes for test class [com.penghk.fund.roboadvisor.RoboadvisorApplicationTests]: RoboadvisorApplicationTests does not declare any static, non-private, non-final, nested classes annotated with @Configuration.
2020-03-20 16:06:26.810 [main] INFO  org.springframework.boot.test.context.SpringBootTestContextBootstrapper - Found @SpringBootConfiguration com.penghk.fund.roboadvisor.RoboadvisorApplication for test class com.penghk.fund.roboadvisor.RoboadvisorApplicationTests
2020-03-20 16:06:26.926 [main] INFO  org.springframework.boot.test.context.SpringBootTestContextBootstrapper - Loaded default TestExecutionListener class names from location [META-INF/spring.factories]: [org.springframework.boot.test.mock.mockito.MockitoTestExecutionListener, org.springframework.boot.test.mock.mockito.ResetMocksTestExecutionListener, org.springframework.boot.test.autoconfigure.restdocs.RestDocsTestExecutionListener, org.springframework.boot.test.autoconfigure.web.client.MockRestServiceServerResetTestExecutionListener, org.springframework.boot.test.autoconfigure.web.servlet.MockMvcPrintOnlyOnFailureTestExecutionListener, org.springframework.boot.test.autoconfigure.web.servlet.WebDriverTestExecutionListener, org.springframework.test.context.web.ServletTestExecutionListener, org.springframework.test.context.support.DirtiesContextBeforeModesTestExecutionListener, org.springframework.test.context.support.DependencyInjectionTestExecutionListener, org.springframework.test.context.support.DirtiesContextTestExecutionListener, org.springframework.test.context.transaction.TransactionalTestExecutionListener, org.springframework.test.context.jdbc.SqlScriptsTestExecutionListener, org.springframework.test.context.event.EventPublishingTestExecutionListener]
2020-03-20 16:06:26.960 [main] INFO  org.springframework.boot.test.context.SpringBootTestContextBootstrapper - Using TestExecutionListeners: [org.springframework.test.context.web.ServletTestExecutionListener@180e6ac4, org.springframework.test.context.support.DirtiesContextBeforeModesTestExecutionListener@42b64ab8, org.springframework.boot.test.mock.mockito.MockitoTestExecutionListener@7e985ce9, org.springframework.boot.test.autoconfigure.SpringBootDependencyInjectionTestExecutionListener@2a39fe6a, org.springframework.test.context.support.DirtiesContextTestExecutionListener@410ae9a3, org.springframework.test.context.transaction.TransactionalTestExecutionListener@319988b0, org.springframework.test.context.jdbc.SqlScriptsTestExecutionListener@d5ae57e, org.springframework.test.context.event.EventPublishingTestExecutionListener@68759011, org.springframework.boot.test.mock.mockito.ResetMocksTestExecutionListener@7e242b4d, org.springframework.boot.test.autoconfigure.restdocs.RestDocsTestExecutionListener@305f031, org.springframework.boot.test.autoconfigure.web.client.MockRestServiceServerResetTestExecutionListener@592e843a, org.springframework.boot.test.autoconfigure.web.servlet.MockMvcPrintOnlyOnFailureTestExecutionListener@1d1f7216, org.springframework.boot.test.autoconfigure.web.servlet.WebDriverTestExecutionListener@423e4cbb]
2020-03-20 16:06:39.437 [restartedMain] INFO  com.penghk.fund.roboadvisor.RoboadvisorApplication - Starting RoboadvisorApplication on penghangkongdeMacBook-Pro.local with PID 77421 (/Users/xmly/workspace/fund/roboadvisor/target/classes started by xmly in /Users/xmly/workspace/fund/roboadvisor)
2020-03-20 16:06:39.437 [restartedMain] INFO  com.penghk.fund.roboadvisor.RoboadvisorApplication - No active profile set, falling back to default profiles: default
2020-03-20 16:06:39.673 [restartedMain] INFO  org.springframework.boot.web.embedded.tomcat.TomcatWebServer - Tomcat initialized with port(s): 8080 (http)
2020-03-20 16:06:39.674 [restartedMain] INFO  org.apache.coyote.http11.Http11NioProtocol - Initializing ProtocolHandler ["http-nio-8080"]
2020-03-20 16:06:39.674 [restartedMain] INFO  org.apache.catalina.core.StandardService - Starting service [Tomcat]
2020-03-20 16:06:39.674 [restartedMain] INFO  org.apache.catalina.core.StandardEngine - Starting Servlet engine: [Apache Tomcat/9.0.31]
2020-03-20 16:06:39.684 [restartedMain] INFO  org.apache.catalina.core.ContainerBase.[Tomcat].[localhost].[/] - Initializing Spring embedded WebApplicationContext
2020-03-20 16:06:39.684 [restartedMain] INFO  org.springframework.web.context.ContextLoader - Root WebApplicationContext: initialization completed in 243 ms
2020-03-20 16:06:39.791 [restartedMain] INFO  org.springframework.scheduling.concurrent.ThreadPoolTaskExecutor - Initializing ExecutorService 'applicationTaskExecutor'
2020-03-20 16:06:39.832 [restartedMain] INFO  org.springframework.scheduling.concurrent.ThreadPoolTaskScheduler - Initializing ExecutorService 'taskScheduler'
2020-03-20 16:06:39.845 [restartedMain] INFO  org.springframework.boot.devtools.autoconfigure.OptionalLiveReloadServer - LiveReload server is running on port 35729
2020-03-20 16:06:39.856 [restartedMain] INFO  org.apache.coyote.http11.Http11NioProtocol - Starting ProtocolHandler ["http-nio-8080"]
2020-03-20 16:06:39.859 [restartedMain] INFO  org.springframework.boot.web.embedded.tomcat.TomcatWebServer - Tomcat started on port(s): 8080 (http) with context path ''
2020-03-20 16:06:39.861 [restartedMain] INFO  com.penghk.fund.roboadvisor.RoboadvisorApplication - Started RoboadvisorApplication in 20.482 seconds (JVM running for 2896.693)
2020-03-20 16:06:39.863 [restartedMain] INFO  org.springframework.boot.devtools.autoconfigure.ConditionEvaluationDeltaLoggingListener - Condition evaluation unchanged
2020-03-20 16:06:47.443 [main] INFO  com.penghk.fund.roboadvisor.RoboadvisorApplicationTests - Starting RoboadvisorApplicationTests on penghangkongdeMacBook-Pro.local with PID 77764 (started by xmly in /Users/xmly/workspace/fund/roboadvisor)
2020-03-20 16:06:47.445 [main] INFO  com.penghk.fund.roboadvisor.RoboadvisorApplicationTests - No active profile set, falling back to default profiles: default
2020-03-20 16:06:50.239 [main] INFO  org.springframework.scheduling.concurrent.ThreadPoolTaskExecutor - Initializing ExecutorService 'applicationTaskExecutor'
2020-03-20 16:06:50.796 [main] INFO  org.springframework.scheduling.concurrent.ThreadPoolTaskScheduler - Initializing ExecutorService 'taskScheduler'
2020-03-20 16:06:50.961 [main] INFO  com.penghk.fund.roboadvisor.RoboadvisorApplicationTests - Started RoboadvisorApplicationTests in 23.948 seconds (JVM running for 25.661)
2020-03-20 16:07:42.850 [main] INFO  com.penghk.fund.roboadvisor.util.TushareUtils - request : {"api_name":"index_daily","fields":"ts_code,close,pct_chg","params":{"trade_date":"20200320","ts_code":"000300.SH"},"token":"f9e661b705630da6c6203efa6bfe39b20e8cad70b2ccb362a22b46e5"}
2020-03-20 16:07:43.389 [main] INFO  com.penghk.fund.roboadvisor.util.TushareUtils - get response : {"request_id": "e0366c4a6a8111ea9b130daba676e4b91584691663321019", "code": 0, "msg": "", "data": {"fields": ["ts_code", "close", "pct_chg"], "items": [["000300.SH", 3653.2239, 1.7868]], "has_more": false}}
2020-03-20 16:08:01.639 [main] INFO  com.penghk.fund.roboadvisor.service.impl.IndexMonitorImpl - {"close":3653.2239,"pctChg":1.7868,"tsCode":"000300.SH"}
2020-03-20 16:08:09.710 [SpringContextShutdownHook] INFO  org.springframework.scheduling.concurrent.ThreadPoolTaskScheduler - Shutting down ExecutorService 'taskScheduler'
2020-03-20 16:08:09.712 [SpringContextShutdownHook] INFO  org.springframework.scheduling.concurrent.ThreadPoolTaskExecutor - Shutting down ExecutorService 'applicationTaskExecutor'
2020-03-20 16:08:56.516 [Thread-63] INFO  org.springframework.scheduling.concurrent.ThreadPoolTaskScheduler - Shutting down ExecutorService 'taskScheduler'
2020-03-20 16:08:56.525 [Thread-63] INFO  org.springframework.scheduling.concurrent.ThreadPoolTaskExecutor - Shutting down ExecutorService 'applicationTaskExecutor'
2020-03-20 16:09:03.969 [main] INFO  org.springframework.boot.test.context.SpringBootTestContextBootstrapper - Neither @ContextConfiguration nor @ContextHierarchy found for test class [com.penghk.fund.roboadvisor.RoboadvisorApplicationTests], using SpringBootContextLoader
2020-03-20 16:09:03.977 [main] INFO  org.springframework.test.context.support.AbstractContextLoader - Could not detect default resource locations for test class [com.penghk.fund.roboadvisor.RoboadvisorApplicationTests]: no resource found for suffixes {-context.xml, Context.groovy}.
2020-03-20 16:09:03.979 [main] INFO  org.springframework.test.context.support.AnnotationConfigContextLoaderUtils - Could not detect default configuration classes for test class [com.penghk.fund.roboadvisor.RoboadvisorApplicationTests]: RoboadvisorApplicationTests does not declare any static, non-private, non-final, nested classes annotated with @Configuration.
2020-03-20 16:09:04.134 [main] INFO  org.springframework.boot.test.context.SpringBootTestContextBootstrapper - Found @SpringBootConfiguration com.penghk.fund.roboadvisor.RoboadvisorApplication for test class com.penghk.fund.roboadvisor.RoboadvisorApplicationTests
2020-03-20 16:09:04.254 [main] INFO  org.springframework.boot.test.context.SpringBootTestContextBootstrapper - Loaded default TestExecutionListener class names from location [META-INF/spring.factories]: [org.springframework.boot.test.mock.mockito.MockitoTestExecutionListener, org.springframework.boot.test.mock.mockito.ResetMocksTestExecutionListener, org.springframework.boot.test.autoconfigure.restdocs.RestDocsTestExecutionListener, org.springframework.boot.test.autoconfigure.web.client.MockRestServiceServerResetTestExecutionListener, org.springframework.boot.test.autoconfigure.web.servlet.MockMvcPrintOnlyOnFailureTestExecutionListener, org.springframework.boot.test.autoconfigure.web.servlet.WebDriverTestExecutionListener, org.springframework.test.context.web.ServletTestExecutionListener, org.springframework.test.context.support.DirtiesContextBeforeModesTestExecutionListener, org.springframework.test.context.support.DependencyInjectionTestExecutionListener, org.springframework.test.context.support.DirtiesContextTestExecutionListener, org.springframework.test.context.transaction.TransactionalTestExecutionListener, org.springframework.test.context.jdbc.SqlScriptsTestExecutionListener, org.springframework.test.context.event.EventPublishingTestExecutionListener]
2020-03-20 16:09:04.284 [main] INFO  org.springframework.boot.test.context.SpringBootTestContextBootstrapper - Using TestExecutionListeners: [org.springframework.test.context.web.ServletTestExecutionListener@180e6ac4, org.springframework.test.context.support.DirtiesContextBeforeModesTestExecutionListener@42b64ab8, org.springframework.boot.test.mock.mockito.MockitoTestExecutionListener@7e985ce9, org.springframework.boot.test.autoconfigure.SpringBootDependencyInjectionTestExecutionListener@2a39fe6a, org.springframework.test.context.support.DirtiesContextTestExecutionListener@410ae9a3, org.springframework.test.context.transaction.TransactionalTestExecutionListener@319988b0, org.springframework.test.context.jdbc.SqlScriptsTestExecutionListener@d5ae57e, org.springframework.test.context.event.EventPublishingTestExecutionListener@68759011, org.springframework.boot.test.mock.mockito.ResetMocksTestExecutionListener@7e242b4d, org.springframework.boot.test.autoconfigure.restdocs.RestDocsTestExecutionListener@305f031, org.springframework.boot.test.autoconfigure.web.client.MockRestServiceServerResetTestExecutionListener@592e843a, org.springframework.boot.test.autoconfigure.web.servlet.MockMvcPrintOnlyOnFailureTestExecutionListener@1d1f7216, org.springframework.boot.test.autoconfigure.web.servlet.WebDriverTestExecutionListener@423e4cbb]
2020-03-20 16:09:16.934 [restartedMain] INFO  com.penghk.fund.roboadvisor.RoboadvisorApplication - Starting RoboadvisorApplication on penghangkongdeMacBook-Pro.local with PID 77421 (/Users/xmly/workspace/fund/roboadvisor/target/classes started by xmly in /Users/xmly/workspace/fund/roboadvisor)
2020-03-20 16:09:16.934 [restartedMain] INFO  com.penghk.fund.roboadvisor.RoboadvisorApplication - No active profile set, falling back to default profiles: default
2020-03-20 16:09:17.191 [restartedMain] INFO  org.springframework.boot.web.embedded.tomcat.TomcatWebServer - Tomcat initialized with port(s): 8080 (http)
2020-03-20 16:09:17.192 [restartedMain] INFO  org.apache.coyote.http11.Http11NioProtocol - Initializing ProtocolHandler ["http-nio-8080"]
2020-03-20 16:09:17.192 [restartedMain] INFO  org.apache.catalina.core.StandardService - Starting service [Tomcat]
2020-03-20 16:09:17.192 [restartedMain] INFO  org.apache.catalina.core.StandardEngine - Starting Servlet engine: [Apache Tomcat/9.0.31]
2020-03-20 16:09:17.200 [restartedMain] INFO  org.apache.catalina.core.ContainerBase.[Tomcat].[localhost].[/] - Initializing Spring embedded WebApplicationContext
2020-03-20 16:09:17.200 [restartedMain] INFO  org.springframework.web.context.ContextLoader - Root WebApplicationContext: initialization completed in 260 ms
2020-03-20 16:09:17.318 [restartedMain] INFO  org.springframework.scheduling.concurrent.ThreadPoolTaskExecutor - Initializing ExecutorService 'applicationTaskExecutor'
2020-03-20 16:09:17.360 [restartedMain] INFO  org.springframework.scheduling.concurrent.ThreadPoolTaskScheduler - Initializing ExecutorService 'taskScheduler'
2020-03-20 16:09:17.370 [restartedMain] INFO  org.springframework.boot.devtools.autoconfigure.OptionalLiveReloadServer - LiveReload server is running on port 35729
2020-03-20 16:09:17.381 [restartedMain] INFO  org.apache.coyote.http11.Http11NioProtocol - Starting ProtocolHandler ["http-nio-8080"]
2020-03-20 16:09:17.382 [restartedMain] INFO  org.springframework.boot.web.embedded.tomcat.TomcatWebServer - Tomcat started on port(s): 8080 (http) with context path ''
2020-03-20 16:09:17.383 [restartedMain] INFO  com.penghk.fund.roboadvisor.RoboadvisorApplication - Started RoboadvisorApplication in 20.518 seconds (JVM running for 3054.214)
2020-03-20 16:09:17.384 [restartedMain] INFO  org.springframework.boot.devtools.autoconfigure.ConditionEvaluationDeltaLoggingListener - Condition evaluation unchanged
2020-03-20 16:09:24.828 [main] INFO  com.penghk.fund.roboadvisor.RoboadvisorApplicationTests - Starting RoboadvisorApplicationTests on penghangkongdeMacBook-Pro.local with PID 77783 (started by xmly in /Users/xmly/workspace/fund/roboadvisor)
2020-03-20 16:09:24.829 [main] INFO  com.penghk.fund.roboadvisor.RoboadvisorApplicationTests - No active profile set, falling back to default profiles: default
2020-03-20 16:09:27.176 [main] INFO  org.springframework.scheduling.concurrent.ThreadPoolTaskExecutor - Initializing ExecutorService 'applicationTaskExecutor'
2020-03-20 16:09:27.600 [main] INFO  org.springframework.scheduling.concurrent.ThreadPoolTaskScheduler - Initializing ExecutorService 'taskScheduler'
2020-03-20 16:09:27.682 [main] INFO  com.penghk.fund.roboadvisor.RoboadvisorApplicationTests - Started RoboadvisorApplicationTests in 23.344 seconds (JVM running for 25.005)
2020-03-20 16:09:28.113 [main] INFO  com.penghk.fund.roboadvisor.util.TushareUtils - request : {"api_name":"index_daily","fields":"ts_code,close,pct_chg","params":{"trade_date":"20200320","ts_code":"000300.SH"},"token":"f9e661b705630da6c6203efa6bfe39b20e8cad70b2ccb362a22b46e5"}
2020-03-20 16:09:28.280 [main] INFO  com.penghk.fund.roboadvisor.util.TushareUtils - get response : {"request_id": "1ebe1d5a6a8211eabdf80935919862a91584691768229027", "code": 0, "msg": "", "data": {"fields": ["ts_code", "close", "pct_chg"], "items": [["000300.SH", 3653.2239, 1.7868]], "has_more": false}}
2020-03-20 16:09:28.305 [main] INFO  com.penghk.fund.roboadvisor.service.impl.IndexMonitorImpl - {"close":3653.2239,"pctChg":1.7868,"tsCode":"000300.SH"}
2020-03-20 16:09:28.723 [SpringContextShutdownHook] INFO  org.springframework.scheduling.concurrent.ThreadPoolTaskScheduler - Shutting down ExecutorService 'taskScheduler'
2020-03-20 16:09:28.725 [SpringContextShutdownHook] INFO  org.springframework.scheduling.concurrent.ThreadPoolTaskExecutor - Shutting down ExecutorService 'applicationTaskExecutor'
2020-03-20 18:12:33.932 [Thread-68] INFO  org.springframework.scheduling.concurrent.ThreadPoolTaskScheduler - Shutting down ExecutorService 'taskScheduler'
2020-03-20 18:12:33.988 [Thread-68] INFO  org.springframework.scheduling.concurrent.ThreadPoolTaskExecutor - Shutting down ExecutorService 'applicationTaskExecutor'
2020-03-20 18:12:54.893 [restartedMain] INFO  com.penghk.fund.roboadvisor.RoboadvisorApplication - Starting RoboadvisorApplication on penghangkongdeMacBook-Pro.local with PID 77421 (/Users/xmly/workspace/fund/roboadvisor/target/classes started by xmly in /Users/xmly/workspace/fund/roboadvisor)
2020-03-20 18:12:54.895 [restartedMain] INFO  com.penghk.fund.roboadvisor.RoboadvisorApplication - No active profile set, falling back to default profiles: default
2020-03-20 18:12:55.496 [restartedMain] INFO  org.springframework.boot.web.embedded.tomcat.TomcatWebServer - Tomcat initialized with port(s): 8080 (http)
2020-03-20 18:12:55.497 [restartedMain] INFO  org.apache.coyote.http11.Http11NioProtocol - Initializing ProtocolHandler ["http-nio-8080"]
2020-03-20 18:12:55.497 [restartedMain] INFO  org.apache.catalina.core.StandardService - Starting service [Tomcat]
2020-03-20 18:12:55.497 [restartedMain] INFO  org.apache.catalina.core.StandardEngine - Starting Servlet engine: [Apache Tomcat/9.0.31]
2020-03-20 18:12:55.520 [restartedMain] INFO  org.apache.catalina.core.ContainerBase.[Tomcat].[localhost].[/] - Initializing Spring embedded WebApplicationContext
2020-03-20 18:12:55.520 [restartedMain] INFO  org.springframework.web.context.ContextLoader - Root WebApplicationContext: initialization completed in 620 ms
2020-03-20 18:12:55.779 [restartedMain] INFO  org.springframework.scheduling.concurrent.ThreadPoolTaskExecutor - Initializing ExecutorService 'applicationTaskExecutor'
2020-03-20 18:12:55.875 [restartedMain] INFO  org.springframework.scheduling.concurrent.ThreadPoolTaskScheduler - Initializing ExecutorService 'taskScheduler'
2020-03-20 18:12:55.900 [restartedMain] INFO  org.springframework.boot.devtools.autoconfigure.OptionalLiveReloadServer - LiveReload server is running on port 35729
2020-03-20 18:12:55.917 [restartedMain] INFO  org.apache.coyote.http11.Http11NioProtocol - Starting ProtocolHandler ["http-nio-8080"]
2020-03-20 18:12:55.919 [restartedMain] INFO  org.springframework.boot.web.embedded.tomcat.TomcatWebServer - Tomcat started on port(s): 8080 (http) with context path ''
2020-03-20 18:12:55.920 [restartedMain] INFO  com.penghk.fund.roboadvisor.RoboadvisorApplication - Started RoboadvisorApplication in 21.141 seconds (JVM running for 10472.693)
2020-03-20 18:12:55.927 [restartedMain] INFO  org.springframework.boot.devtools.autoconfigure.ConditionEvaluationDeltaLoggingListener - Condition evaluation unchanged
