2020-03-18 20:43:32.664 [main] INFO  org.springframework.boot.test.context.SpringBootTestContextBootstrapper - Neither @ContextConfiguration nor @ContextHierarchy found for test class [com.penghk.fund.roboadvisor.RoboadvisorApplicationTests], using SpringBootContextLoader
2020-03-18 20:43:32.672 [main] INFO  org.springframework.test.context.support.AbstractContextLoader - Could not detect default resource locations for test class [com.penghk.fund.roboadvisor.RoboadvisorApplicationTests]: no resource found for suffixes {-context.xml, Context.groovy}.
2020-03-18 20:43:32.673 [main] INFO  org.springframework.test.context.support.AnnotationConfigContextLoaderUtils - Could not detect default configuration classes for test class [com.penghk.fund.roboadvisor.RoboadvisorApplicationTests]: RoboadvisorApplicationTests does not declare any static, non-private, non-final, nested classes annotated with @Configuration.
2020-03-18 20:43:32.812 [main] INFO  org.springframework.boot.test.context.SpringBootTestContextBootstrapper - Found @SpringBootConfiguration com.penghk.fund.roboadvisor.RoboadvisorApplication for test class com.penghk.fund.roboadvisor.RoboadvisorApplicationTests
2020-03-18 20:43:32.952 [main] INFO  org.springframework.boot.test.context.SpringBootTestContextBootstrapper - Loaded default TestExecutionListener class names from location [META-INF/spring.factories]: [org.springframework.boot.test.mock.mockito.MockitoTestExecutionListener, org.springframework.boot.test.mock.mockito.ResetMocksTestExecutionListener, org.springframework.boot.test.autoconfigure.restdocs.RestDocsTestExecutionListener, org.springframework.boot.test.autoconfigure.web.client.MockRestServiceServerResetTestExecutionListener, org.springframework.boot.test.autoconfigure.web.servlet.MockMvcPrintOnlyOnFailureTestExecutionListener, org.springframework.boot.test.autoconfigure.web.servlet.WebDriverTestExecutionListener, org.springframework.test.context.web.ServletTestExecutionListener, org.springframework.test.context.support.DirtiesContextBeforeModesTestExecutionListener, org.springframework.test.context.support.DependencyInjectionTestExecutionListener, org.springframework.test.context.support.DirtiesContextTestExecutionListener, org.springframework.test.context.transaction.TransactionalTestExecutionListener, org.springframework.test.context.jdbc.SqlScriptsTestExecutionListener, org.springframework.test.context.event.EventPublishingTestExecutionListener]
2020-03-18 20:43:32.963 [main] INFO  org.springframework.boot.test.context.SpringBootTestContextBootstrapper - Using TestExecutionListeners: [org.springframework.test.context.web.ServletTestExecutionListener@25be7b63, org.springframework.test.context.support.DirtiesContextBeforeModesTestExecutionListener@28dcca0c, org.springframework.boot.test.mock.mockito.MockitoTestExecutionListener@45d84a20, org.springframework.boot.test.autoconfigure.SpringBootDependencyInjectionTestExecutionListener@52f27fbd, org.springframework.test.context.support.DirtiesContextTestExecutionListener@4c163e3, org.springframework.test.context.event.EventPublishingTestExecutionListener@4a8355dd, org.springframework.boot.test.mock.mockito.ResetMocksTestExecutionListener@4d0d9fe7, org.springframework.boot.test.autoconfigure.restdocs.RestDocsTestExecutionListener@c430e6c, org.springframework.boot.test.autoconfigure.web.client.MockRestServiceServerResetTestExecutionListener@312aa7c, org.springframework.boot.test.autoconfigure.web.servlet.MockMvcPrintOnlyOnFailureTestExecutionListener@536f2a7e, org.springframework.boot.test.autoconfigure.web.servlet.WebDriverTestExecutionListener@72bc6553]
2020-03-18 20:43:33.700 [main] INFO  com.penghk.fund.roboadvisor.RoboadvisorApplicationTests - Starting RoboadvisorApplicationTests on penghangkongdeMacBook-Pro.local with PID 15652 (started by penghangkong in /Users/penghangkong/workspace/fund/roboadvisor)
2020-03-18 20:43:33.701 [main] INFO  com.penghk.fund.roboadvisor.RoboadvisorApplicationTests - No active profile set, falling back to default profiles: default
2020-03-18 20:43:35.692 [main] INFO  org.springframework.scheduling.concurrent.ThreadPoolTaskExecutor - Initializing ExecutorService 'applicationTaskExecutor'
2020-03-18 20:43:35.995 [main] INFO  org.springframework.scheduling.concurrent.ThreadPoolTaskScheduler - Initializing ExecutorService 'taskScheduler'
2020-03-18 20:43:36.042 [main] INFO  com.penghk.fund.roboadvisor.RoboadvisorApplicationTests - Started RoboadvisorApplicationTests in 3.035 seconds (JVM running for 5.328)
2020-03-18 20:43:36.379 [main] INFO  com.penghk.fund.roboadvisor.util.TushareUtils - request : {"api_name":"index_daily","fields":"ts_code,close,pct_chg","params":{"trade_date":"20200315","ts_code":"000300.SH"},"token":"f9e661b705630da6c6203efa6bfe39b20e8cad70b2ccb362a22b46e5"}
2020-03-18 20:43:36.767 [main] INFO  com.penghk.fund.roboadvisor.util.TushareUtils - get response : {"request_id": "15ecc7d4691611ea988eb7e10c0b40501584535416625786", "code": 0, "msg": "", "data": {"fields": ["ts_code", "close", "pct_chg"], "items": [], "has_more": false}}
2020-03-18 20:43:36.797 [SpringContextShutdownHook] INFO  org.springframework.scheduling.concurrent.ThreadPoolTaskScheduler - Shutting down ExecutorService 'taskScheduler'
2020-03-18 20:43:36.800 [SpringContextShutdownHook] INFO  org.springframework.scheduling.concurrent.ThreadPoolTaskExecutor - Shutting down ExecutorService 'applicationTaskExecutor'
2020-03-18 20:53:00.417 [main] INFO  org.springframework.boot.test.context.SpringBootTestContextBootstrapper - Neither @ContextConfiguration nor @ContextHierarchy found for test class [com.penghk.fund.roboadvisor.RoboadvisorApplicationTests], using SpringBootContextLoader
2020-03-18 20:53:00.440 [main] INFO  org.springframework.test.context.support.AbstractContextLoader - Could not detect default resource locations for test class [com.penghk.fund.roboadvisor.RoboadvisorApplicationTests]: no resource found for suffixes {-context.xml, Context.groovy}.
2020-03-18 20:53:00.442 [main] INFO  org.springframework.test.context.support.AnnotationConfigContextLoaderUtils - Could not detect default configuration classes for test class [com.penghk.fund.roboadvisor.RoboadvisorApplicationTests]: RoboadvisorApplicationTests does not declare any static, non-private, non-final, nested classes annotated with @Configuration.
2020-03-18 20:53:00.709 [main] INFO  org.springframework.boot.test.context.SpringBootTestContextBootstrapper - Found @SpringBootConfiguration com.penghk.fund.roboadvisor.RoboadvisorApplication for test class com.penghk.fund.roboadvisor.RoboadvisorApplicationTests
2020-03-18 20:53:00.858 [main] INFO  org.springframework.boot.test.context.SpringBootTestContextBootstrapper - Loaded default TestExecutionListener class names from location [META-INF/spring.factories]: [org.springframework.boot.test.mock.mockito.MockitoTestExecutionListener, org.springframework.boot.test.mock.mockito.ResetMocksTestExecutionListener, org.springframework.boot.test.autoconfigure.restdocs.RestDocsTestExecutionListener, org.springframework.boot.test.autoconfigure.web.client.MockRestServiceServerResetTestExecutionListener, org.springframework.boot.test.autoconfigure.web.servlet.MockMvcPrintOnlyOnFailureTestExecutionListener, org.springframework.boot.test.autoconfigure.web.servlet.WebDriverTestExecutionListener, org.springframework.test.context.web.ServletTestExecutionListener, org.springframework.test.context.support.DirtiesContextBeforeModesTestExecutionListener, org.springframework.test.context.support.DependencyInjectionTestExecutionListener, org.springframework.test.context.support.DirtiesContextTestExecutionListener, org.springframework.test.context.transaction.TransactionalTestExecutionListener, org.springframework.test.context.jdbc.SqlScriptsTestExecutionListener, org.springframework.test.context.event.EventPublishingTestExecutionListener]
2020-03-18 20:53:00.874 [main] INFO  org.springframework.boot.test.context.SpringBootTestContextBootstrapper - Using TestExecutionListeners: [org.springframework.test.context.web.ServletTestExecutionListener@28dcca0c, org.springframework.test.context.support.DirtiesContextBeforeModesTestExecutionListener@45d84a20, org.springframework.boot.test.mock.mockito.MockitoTestExecutionListener@52f27fbd, org.springframework.boot.test.autoconfigure.SpringBootDependencyInjectionTestExecutionListener@4c163e3, org.springframework.test.context.support.DirtiesContextTestExecutionListener@4a8355dd, org.springframework.test.context.event.EventPublishingTestExecutionListener@4d0d9fe7, org.springframework.boot.test.mock.mockito.ResetMocksTestExecutionListener@c430e6c, org.springframework.boot.test.autoconfigure.restdocs.RestDocsTestExecutionListener@312aa7c, org.springframework.boot.test.autoconfigure.web.client.MockRestServiceServerResetTestExecutionListener@536f2a7e, org.springframework.boot.test.autoconfigure.web.servlet.MockMvcPrintOnlyOnFailureTestExecutionListener@72bc6553, org.springframework.boot.test.autoconfigure.web.servlet.WebDriverTestExecutionListener@66982506]
2020-03-18 20:53:01.685 [main] INFO  com.penghk.fund.roboadvisor.RoboadvisorApplicationTests - Starting RoboadvisorApplicationTests on penghangkongdeMacBook-Pro.local with PID 17429 (started by penghangkong in /Users/penghangkong/workspace/fund/roboadvisor)
2020-03-18 20:53:01.687 [main] INFO  com.penghk.fund.roboadvisor.RoboadvisorApplicationTests - No active profile set, falling back to default profiles: default
2020-03-18 20:53:03.701 [main] INFO  org.springframework.scheduling.concurrent.ThreadPoolTaskExecutor - Initializing ExecutorService 'applicationTaskExecutor'
2020-03-18 20:53:04.034 [main] INFO  org.springframework.scheduling.concurrent.ThreadPoolTaskScheduler - Initializing ExecutorService 'taskScheduler'
2020-03-18 20:53:04.089 [main] INFO  com.penghk.fund.roboadvisor.RoboadvisorApplicationTests - Started RoboadvisorApplicationTests in 3.113 seconds (JVM running for 4.904)
2020-03-18 20:53:04.466 [main] INFO  com.penghk.fund.roboadvisor.util.TushareUtils - request : {"api_name":"index_daily","fields":"ts_code,close,pct_chg","params":{"trade_date":"20200316","ts_code":"000300.SH"},"token":"f9e661b705630da6c6203efa6bfe39b20e8cad70b2ccb362a22b46e5"}
2020-03-18 20:53:04.660 [main] INFO  com.penghk.fund.roboadvisor.util.TushareUtils - get response : {"request_id": "6878b138691711eabdf80935919862a91584535984612623", "code": 0, "msg": "", "data": {"fields": ["ts_code", "close", "pct_chg"], "items": [["000300.SH", 3727.8398, -4.2993]], "has_more": false}}
2020-03-18 20:53:04.686 [SpringContextShutdownHook] INFO  org.springframework.scheduling.concurrent.ThreadPoolTaskScheduler - Shutting down ExecutorService 'taskScheduler'
2020-03-18 20:53:04.687 [SpringContextShutdownHook] INFO  org.springframework.scheduling.concurrent.ThreadPoolTaskExecutor - Shutting down ExecutorService 'applicationTaskExecutor'
2020-03-18 21:27:35.234 [main] INFO  org.springframework.boot.test.context.SpringBootTestContextBootstrapper - Neither @ContextConfiguration nor @ContextHierarchy found for test class [com.penghk.fund.roboadvisor.RoboadvisorApplicationTests], using SpringBootContextLoader
2020-03-18 21:27:35.242 [main] INFO  org.springframework.test.context.support.AbstractContextLoader - Could not detect default resource locations for test class [com.penghk.fund.roboadvisor.RoboadvisorApplicationTests]: no resource found for suffixes {-context.xml, Context.groovy}.
2020-03-18 21:27:35.243 [main] INFO  org.springframework.test.context.support.AnnotationConfigContextLoaderUtils - Could not detect default configuration classes for test class [com.penghk.fund.roboadvisor.RoboadvisorApplicationTests]: RoboadvisorApplicationTests does not declare any static, non-private, non-final, nested classes annotated with @Configuration.
2020-03-18 21:27:35.465 [main] INFO  org.springframework.boot.test.context.SpringBootTestContextBootstrapper - Found @SpringBootConfiguration com.penghk.fund.roboadvisor.RoboadvisorApplication for test class com.penghk.fund.roboadvisor.RoboadvisorApplicationTests
2020-03-18 21:27:35.621 [main] INFO  org.springframework.boot.test.context.SpringBootTestContextBootstrapper - Loaded default TestExecutionListener class names from location [META-INF/spring.factories]: [org.springframework.boot.test.mock.mockito.MockitoTestExecutionListener, org.springframework.boot.test.mock.mockito.ResetMocksTestExecutionListener, org.springframework.boot.test.autoconfigure.restdocs.RestDocsTestExecutionListener, org.springframework.boot.test.autoconfigure.web.client.MockRestServiceServerResetTestExecutionListener, org.springframework.boot.test.autoconfigure.web.servlet.MockMvcPrintOnlyOnFailureTestExecutionListener, org.springframework.boot.test.autoconfigure.web.servlet.WebDriverTestExecutionListener, org.springframework.test.context.web.ServletTestExecutionListener, org.springframework.test.context.support.DirtiesContextBeforeModesTestExecutionListener, org.springframework.test.context.support.DependencyInjectionTestExecutionListener, org.springframework.test.context.support.DirtiesContextTestExecutionListener, org.springframework.test.context.transaction.TransactionalTestExecutionListener, org.springframework.test.context.jdbc.SqlScriptsTestExecutionListener, org.springframework.test.context.event.EventPublishingTestExecutionListener]
2020-03-18 21:27:35.639 [main] INFO  org.springframework.boot.test.context.SpringBootTestContextBootstrapper - Using TestExecutionListeners: [org.springframework.test.context.web.ServletTestExecutionListener@71ae31b0, org.springframework.test.context.support.DirtiesContextBeforeModesTestExecutionListener@4ba534b0, org.springframework.boot.test.mock.mockito.MockitoTestExecutionListener@6f0ca692, org.springframework.boot.test.autoconfigure.SpringBootDependencyInjectionTestExecutionListener@2c104774, org.springframework.test.context.support.DirtiesContextTestExecutionListener@2cb3d0f7, org.springframework.test.context.event.EventPublishingTestExecutionListener@4e517165, org.springframework.boot.test.mock.mockito.ResetMocksTestExecutionListener@44e3760b, org.springframework.boot.test.autoconfigure.restdocs.RestDocsTestExecutionListener@6a66a204, org.springframework.boot.test.autoconfigure.web.client.MockRestServiceServerResetTestExecutionListener@5860f3d7, org.springframework.boot.test.autoconfigure.web.servlet.MockMvcPrintOnlyOnFailureTestExecutionListener@1d7f7be7, org.springframework.boot.test.autoconfigure.web.servlet.WebDriverTestExecutionListener@42f3156d]
2020-03-18 21:27:36.379 [main] INFO  com.penghk.fund.roboadvisor.RoboadvisorApplicationTests - Starting RoboadvisorApplicationTests on penghangkongdeMacBook-Pro.local with PID 23736 (started by penghangkong in /Users/penghangkong/workspace/fund/roboadvisor)
2020-03-18 21:27:36.380 [main] INFO  com.penghk.fund.roboadvisor.RoboadvisorApplicationTests - No active profile set, falling back to default profiles: default
2020-03-18 21:27:38.791 [main] INFO  org.springframework.scheduling.concurrent.ThreadPoolTaskExecutor - Initializing ExecutorService 'applicationTaskExecutor'
2020-03-18 21:27:39.195 [main] INFO  org.springframework.scheduling.concurrent.ThreadPoolTaskScheduler - Initializing ExecutorService 'taskScheduler'
2020-03-18 21:27:39.248 [main] INFO  com.penghk.fund.roboadvisor.RoboadvisorApplicationTests - Started RoboadvisorApplicationTests in 3.508 seconds (JVM running for 6.65)
2020-03-18 21:27:39.641 [main] INFO  com.penghk.fund.roboadvisor.util.TushareUtils - request : {"api_name":"index_daily","fields":"ts_code,close,pct_chg","params":{"trade_date":"20200316","ts_code":"000300.SH"},"token":"f9e661b705630da6c6203efa6bfe39b20e8cad70b2ccb362a22b46e5"}
2020-03-18 21:27:39.841 [main] INFO  com.penghk.fund.roboadvisor.util.TushareUtils - get response : {"request_id": "3d5eb100691c11eabaf13f14b50a02341584538059783834", "code": 0, "msg": "", "data": {"fields": ["ts_code", "close", "pct_chg"], "items": [["000300.SH", 3727.8398, -4.2993]], "has_more": false}}
2020-03-18 21:29:02.295 [scheduling-1] INFO  com.penghk.fund.roboadvisor.util.TushareUtils - request : {"api_name":"index_daily","fields":"ts_code,close,pct_chg","params":{"trade_date":"20200318","ts_code":"000300.SH"},"token":"f9e661b705630da6c6203efa6bfe39b20e8cad70b2ccb362a22b46e5"}
2020-03-18 21:29:17.473 [scheduling-1] INFO  com.penghk.fund.roboadvisor.util.TushareUtils - get response : {"request_id": "752764a6691c11ea988eb7e10c0b40501584538153373839", "code": 0, "msg": "", "data": {"fields": ["ts_code", "close", "pct_chg"], "items": [["000300.SH", 3636.2565, -1.9793]], "has_more": false}}
2020-03-18 21:30:58.090 [scheduling-1] INFO  com.penghk.fund.roboadvisor.service.impl.WeekInvestServiceImpl - hello
2020-03-18 21:30:58.143 [SpringContextShutdownHook] INFO  org.springframework.scheduling.concurrent.ThreadPoolTaskScheduler - Shutting down ExecutorService 'taskScheduler'
2020-03-18 21:30:58.146 [SpringContextShutdownHook] INFO  org.springframework.scheduling.concurrent.ThreadPoolTaskExecutor - Shutting down ExecutorService 'applicationTaskExecutor'
2020-03-18 21:31:03.527 [main] INFO  org.springframework.boot.test.context.SpringBootTestContextBootstrapper - Neither @ContextConfiguration nor @ContextHierarchy found for test class [com.penghk.fund.roboadvisor.RoboadvisorApplicationTests], using SpringBootContextLoader
2020-03-18 21:31:03.536 [main] INFO  org.springframework.test.context.support.AbstractContextLoader - Could not detect default resource locations for test class [com.penghk.fund.roboadvisor.RoboadvisorApplicationTests]: no resource found for suffixes {-context.xml, Context.groovy}.
2020-03-18 21:31:03.537 [main] INFO  org.springframework.test.context.support.AnnotationConfigContextLoaderUtils - Could not detect default configuration classes for test class [com.penghk.fund.roboadvisor.RoboadvisorApplicationTests]: RoboadvisorApplicationTests does not declare any static, non-private, non-final, nested classes annotated with @Configuration.
2020-03-18 21:31:03.728 [main] INFO  org.springframework.boot.test.context.SpringBootTestContextBootstrapper - Found @SpringBootConfiguration com.penghk.fund.roboadvisor.RoboadvisorApplication for test class com.penghk.fund.roboadvisor.RoboadvisorApplicationTests
2020-03-18 21:31:03.860 [main] INFO  org.springframework.boot.test.context.SpringBootTestContextBootstrapper - Loaded default TestExecutionListener class names from location [META-INF/spring.factories]: [org.springframework.boot.test.mock.mockito.MockitoTestExecutionListener, org.springframework.boot.test.mock.mockito.ResetMocksTestExecutionListener, org.springframework.boot.test.autoconfigure.restdocs.RestDocsTestExecutionListener, org.springframework.boot.test.autoconfigure.web.client.MockRestServiceServerResetTestExecutionListener, org.springframework.boot.test.autoconfigure.web.servlet.MockMvcPrintOnlyOnFailureTestExecutionListener, org.springframework.boot.test.autoconfigure.web.servlet.WebDriverTestExecutionListener, org.springframework.test.context.web.ServletTestExecutionListener, org.springframework.test.context.support.DirtiesContextBeforeModesTestExecutionListener, org.springframework.test.context.support.DependencyInjectionTestExecutionListener, org.springframework.test.context.support.DirtiesContextTestExecutionListener, org.springframework.test.context.transaction.TransactionalTestExecutionListener, org.springframework.test.context.jdbc.SqlScriptsTestExecutionListener, org.springframework.test.context.event.EventPublishingTestExecutionListener]
2020-03-18 21:31:03.874 [main] INFO  org.springframework.boot.test.context.SpringBootTestContextBootstrapper - Using TestExecutionListeners: [org.springframework.test.context.web.ServletTestExecutionListener@71ae31b0, org.springframework.test.context.support.DirtiesContextBeforeModesTestExecutionListener@4ba534b0, org.springframework.boot.test.mock.mockito.MockitoTestExecutionListener@6f0ca692, org.springframework.boot.test.autoconfigure.SpringBootDependencyInjectionTestExecutionListener@2c104774, org.springframework.test.context.support.DirtiesContextTestExecutionListener@2cb3d0f7, org.springframework.test.context.event.EventPublishingTestExecutionListener@4e517165, org.springframework.boot.test.mock.mockito.ResetMocksTestExecutionListener@44e3760b, org.springframework.boot.test.autoconfigure.restdocs.RestDocsTestExecutionListener@6a66a204, org.springframework.boot.test.autoconfigure.web.client.MockRestServiceServerResetTestExecutionListener@5860f3d7, org.springframework.boot.test.autoconfigure.web.servlet.MockMvcPrintOnlyOnFailureTestExecutionListener@1d7f7be7, org.springframework.boot.test.autoconfigure.web.servlet.WebDriverTestExecutionListener@42f3156d]
2020-03-18 21:31:04.523 [main] INFO  com.penghk.fund.roboadvisor.RoboadvisorApplicationTests - Starting RoboadvisorApplicationTests on penghangkongdeMacBook-Pro.local with PID 24381 (started by penghangkong in /Users/penghangkong/workspace/fund/roboadvisor)
2020-03-18 21:31:04.531 [main] INFO  com.penghk.fund.roboadvisor.RoboadvisorApplicationTests - No active profile set, falling back to default profiles: default
2020-03-18 21:31:06.452 [main] INFO  org.springframework.scheduling.concurrent.ThreadPoolTaskExecutor - Initializing ExecutorService 'applicationTaskExecutor'
2020-03-18 21:31:06.788 [main] INFO  org.springframework.scheduling.concurrent.ThreadPoolTaskScheduler - Initializing ExecutorService 'taskScheduler'
2020-03-18 21:31:06.836 [main] INFO  com.penghk.fund.roboadvisor.RoboadvisorApplicationTests - Started RoboadvisorApplicationTests in 2.876 seconds (JVM running for 5.149)
2020-03-18 21:31:07.156 [main] INFO  com.penghk.fund.roboadvisor.util.TushareUtils - request : {"api_name":"index_daily","fields":"ts_code,close,pct_chg","params":{"trade_date":"20200316","ts_code":"000300.SH"},"token":"f9e661b705630da6c6203efa6bfe39b20e8cad70b2ccb362a22b46e5"}
2020-03-18 21:31:07.393 [main] INFO  com.penghk.fund.roboadvisor.util.TushareUtils - get response : {"request_id": "b91452f0691c11ea83f9ff5a4aaf01da1584538267333946", "code": 0, "msg": "", "data": {"fields": ["ts_code", "close", "pct_chg"], "items": [["000300.SH", 3727.8398, -4.2993]], "has_more": false}}
2020-03-18 21:31:24.408 [SpringContextShutdownHook] INFO  org.springframework.scheduling.concurrent.ThreadPoolTaskScheduler - Shutting down ExecutorService 'taskScheduler'
2020-03-18 21:31:24.410 [SpringContextShutdownHook] INFO  org.springframework.scheduling.concurrent.ThreadPoolTaskExecutor - Shutting down ExecutorService 'applicationTaskExecutor'
2020-03-18 21:42:19.242 [main] INFO  org.springframework.boot.test.context.SpringBootTestContextBootstrapper - Neither @ContextConfiguration nor @ContextHierarchy found for test class [com.penghk.fund.roboadvisor.RoboadvisorApplicationTests], using SpringBootContextLoader
2020-03-18 21:42:19.253 [main] INFO  org.springframework.test.context.support.AbstractContextLoader - Could not detect default resource locations for test class [com.penghk.fund.roboadvisor.RoboadvisorApplicationTests]: no resource found for suffixes {-context.xml, Context.groovy}.
2020-03-18 21:42:19.255 [main] INFO  org.springframework.test.context.support.AnnotationConfigContextLoaderUtils - Could not detect default configuration classes for test class [com.penghk.fund.roboadvisor.RoboadvisorApplicationTests]: RoboadvisorApplicationTests does not declare any static, non-private, non-final, nested classes annotated with @Configuration.
2020-03-18 21:42:19.529 [main] INFO  org.springframework.boot.test.context.SpringBootTestContextBootstrapper - Found @SpringBootConfiguration com.penghk.fund.roboadvisor.RoboadvisorApplication for test class com.penghk.fund.roboadvisor.RoboadvisorApplicationTests
2020-03-18 21:42:19.686 [main] INFO  org.springframework.boot.test.context.SpringBootTestContextBootstrapper - Loaded default TestExecutionListener class names from location [META-INF/spring.factories]: [org.springframework.boot.test.mock.mockito.MockitoTestExecutionListener, org.springframework.boot.test.mock.mockito.ResetMocksTestExecutionListener, org.springframework.boot.test.autoconfigure.restdocs.RestDocsTestExecutionListener, org.springframework.boot.test.autoconfigure.web.client.MockRestServiceServerResetTestExecutionListener, org.springframework.boot.test.autoconfigure.web.servlet.MockMvcPrintOnlyOnFailureTestExecutionListener, org.springframework.boot.test.autoconfigure.web.servlet.WebDriverTestExecutionListener, org.springframework.test.context.web.ServletTestExecutionListener, org.springframework.test.context.support.DirtiesContextBeforeModesTestExecutionListener, org.springframework.test.context.support.DependencyInjectionTestExecutionListener, org.springframework.test.context.support.DirtiesContextTestExecutionListener, org.springframework.test.context.transaction.TransactionalTestExecutionListener, org.springframework.test.context.jdbc.SqlScriptsTestExecutionListener, org.springframework.test.context.event.EventPublishingTestExecutionListener]
2020-03-18 21:42:19.705 [main] INFO  org.springframework.boot.test.context.SpringBootTestContextBootstrapper - Using TestExecutionListeners: [org.springframework.test.context.web.ServletTestExecutionListener@71ae31b0, org.springframework.test.context.support.DirtiesContextBeforeModesTestExecutionListener@4ba534b0, org.springframework.boot.test.mock.mockito.MockitoTestExecutionListener@6f0ca692, org.springframework.boot.test.autoconfigure.SpringBootDependencyInjectionTestExecutionListener@2c104774, org.springframework.test.context.support.DirtiesContextTestExecutionListener@2cb3d0f7, org.springframework.test.context.event.EventPublishingTestExecutionListener@4e517165, org.springframework.boot.test.mock.mockito.ResetMocksTestExecutionListener@44e3760b, org.springframework.boot.test.autoconfigure.restdocs.RestDocsTestExecutionListener@6a66a204, org.springframework.boot.test.autoconfigure.web.client.MockRestServiceServerResetTestExecutionListener@5860f3d7, org.springframework.boot.test.autoconfigure.web.servlet.MockMvcPrintOnlyOnFailureTestExecutionListener@1d7f7be7, org.springframework.boot.test.autoconfigure.web.servlet.WebDriverTestExecutionListener@42f3156d]
2020-03-18 21:42:20.315 [main] INFO  com.penghk.fund.roboadvisor.RoboadvisorApplicationTests - Starting RoboadvisorApplicationTests on penghangkongdeMacBook-Pro.local with PID 26425 (started by penghangkong in /Users/penghangkong/workspace/fund/roboadvisor)
2020-03-18 21:42:20.317 [main] INFO  com.penghk.fund.roboadvisor.RoboadvisorApplicationTests - No active profile set, falling back to default profiles: default
2020-03-18 21:42:22.254 [main] INFO  org.springframework.scheduling.concurrent.ThreadPoolTaskExecutor - Initializing ExecutorService 'applicationTaskExecutor'
2020-03-18 21:42:22.569 [main] INFO  org.springframework.scheduling.concurrent.ThreadPoolTaskScheduler - Initializing ExecutorService 'taskScheduler'
2020-03-18 21:42:22.616 [main] INFO  com.penghk.fund.roboadvisor.RoboadvisorApplicationTests - Started RoboadvisorApplicationTests in 2.837 seconds (JVM running for 4.738)
2020-03-18 21:42:33.965 [main] INFO  com.penghk.fund.roboadvisor.util.TushareUtils - request : {"api_name":"index_daily","fields":"ts_code,close,pct_chg","params":{"trade_date":"20200316","ts_code":"000300.SH"},"token":"f9e661b705630da6c6203efa6bfe39b20e8cad70b2ccb362a22b46e5"}
2020-03-18 21:42:33.965 [scheduling-1] INFO  com.penghk.fund.roboadvisor.util.TushareUtils - request : {"api_name":"index_daily","fields":"ts_code,close,pct_chg","params":{"trade_date":"20200318","ts_code":"000300.SH"},"token":"f9e661b705630da6c6203efa6bfe39b20e8cad70b2ccb362a22b46e5"}
2020-03-18 21:42:34.391 [main] INFO  com.penghk.fund.roboadvisor.util.TushareUtils - get response : {"request_id": "528f04d8691e11ea802b0566eb20db651584538954326166", "code": 0, "msg": "", "data": {"fields": ["ts_code", "close", "pct_chg"], "items": [["000300.SH", 3727.8398, -4.2993]], "has_more": false}}
2020-03-18 21:42:34.391 [scheduling-1] INFO  com.penghk.fund.roboadvisor.util.TushareUtils - get response : {"request_id": "528eb99c691e11eab46c4b3d2a06a6cf1584538954324250", "code": 0, "msg": "", "data": {"fields": ["ts_code", "close", "pct_chg"], "items": [["000300.SH", 3636.2565, -1.9793]], "has_more": false}}
2020-03-18 21:42:37.021 [scheduling-1] INFO  com.penghk.fund.roboadvisor.service.impl.IndexMonitorImpl - {"close":3636.2565,"pctChg":-1.9793,"tsCode":"000300.SH"}
2020-03-18 21:42:37.021 [scheduling-1] INFO  com.penghk.fund.roboadvisor.service.impl.WeekInvestServiceImpl - hello
2020-03-18 21:42:43.871 [SpringContextShutdownHook] INFO  org.springframework.scheduling.concurrent.ThreadPoolTaskScheduler - Shutting down ExecutorService 'taskScheduler'
2020-03-18 21:42:43.873 [SpringContextShutdownHook] INFO  org.springframework.scheduling.concurrent.ThreadPoolTaskExecutor - Shutting down ExecutorService 'applicationTaskExecutor'
2020-03-18 21:46:15.027 [restartedMain] INFO  com.penghk.fund.roboadvisor.RoboadvisorApplication - Starting RoboadvisorApplication on penghangkongdeMacBook-Pro.local with PID 27139 (/Users/penghangkong/workspace/fund/roboadvisor/target/classes started by penghangkong in /Users/penghangkong/workspace/fund/roboadvisor)
2020-03-18 21:46:15.031 [restartedMain] INFO  com.penghk.fund.roboadvisor.RoboadvisorApplication - No active profile set, falling back to default profiles: default
2020-03-18 21:46:15.127 [restartedMain] INFO  org.springframework.boot.devtools.env.DevToolsPropertyDefaultsPostProcessor - Devtools property defaults active! Set 'spring.devtools.add-properties' to 'false' to disable
2020-03-18 21:46:15.128 [restartedMain] INFO  org.springframework.boot.devtools.env.DevToolsPropertyDefaultsPostProcessor - For additional web related logging consider setting the 'logging.level.web' property to 'DEBUG'
2020-03-18 21:46:16.019 [restartedMain] INFO  org.springframework.boot.web.embedded.tomcat.TomcatWebServer - Tomcat initialized with port(s): 8080 (http)
2020-03-18 21:46:16.027 [restartedMain] INFO  org.apache.coyote.http11.Http11NioProtocol - Initializing ProtocolHandler ["http-nio-8080"]
2020-03-18 21:46:16.028 [restartedMain] INFO  org.apache.catalina.core.StandardService - Starting service [Tomcat]
2020-03-18 21:46:16.028 [restartedMain] INFO  org.apache.catalina.core.StandardEngine - Starting Servlet engine: [Apache Tomcat/9.0.31]
2020-03-18 21:46:16.092 [restartedMain] INFO  org.apache.catalina.core.ContainerBase.[Tomcat].[localhost].[/] - Initializing Spring embedded WebApplicationContext
2020-03-18 21:46:16.092 [restartedMain] INFO  org.springframework.web.context.ContextLoader - Root WebApplicationContext: initialization completed in 964 ms
2020-03-18 21:46:16.416 [restartedMain] INFO  org.springframework.scheduling.concurrent.ThreadPoolTaskExecutor - Initializing ExecutorService 'applicationTaskExecutor'
2020-03-18 21:46:16.507 [restartedMain] INFO  org.springframework.scheduling.concurrent.ThreadPoolTaskScheduler - Initializing ExecutorService 'taskScheduler'
2020-03-18 21:46:16.526 [restartedMain] INFO  org.springframework.boot.devtools.autoconfigure.OptionalLiveReloadServer - LiveReload server is running on port 35729
2020-03-18 21:46:16.541 [restartedMain] INFO  org.apache.coyote.http11.Http11NioProtocol - Starting ProtocolHandler ["http-nio-8080"]
2020-03-18 21:46:16.568 [restartedMain] INFO  org.springframework.boot.web.embedded.tomcat.TomcatWebServer - Tomcat started on port(s): 8080 (http) with context path ''
2020-03-18 21:46:16.571 [restartedMain] INFO  com.penghk.fund.roboadvisor.RoboadvisorApplication - Started RoboadvisorApplication in 1.941 seconds (JVM running for 2.899)
2020-03-18 21:46:30.050 [scheduling-1] INFO  com.penghk.fund.roboadvisor.util.TushareUtils - request : {"api_name":"index_daily","fields":"ts_code,close,pct_chg","params":{"trade_date":"20200318","ts_code":"000300.SH"},"token":"f9e661b705630da6c6203efa6bfe39b20e8cad70b2ccb362a22b46e5"}
2020-03-18 21:46:30.221 [scheduling-1] INFO  com.penghk.fund.roboadvisor.util.TushareUtils - get response : {"request_id": "df1f4c50691e11ea9b130daba676e4b91584539190152742", "code": 0, "msg": "", "data": {"fields": ["ts_code", "close", "pct_chg"], "items": [["000300.SH", 3636.2565, -1.9793]], "has_more": false}}
2020-03-18 21:46:30.233 [scheduling-1] INFO  com.penghk.fund.roboadvisor.service.impl.IndexMonitorImpl - {"close":3636.2565,"pctChg":-1.9793,"tsCode":"000300.SH"}
2020-03-18 21:46:30.233 [scheduling-1] INFO  com.penghk.fund.roboadvisor.service.impl.WeekInvestServiceImpl - hello
2020-03-18 21:47:00.005 [scheduling-1] INFO  com.penghk.fund.roboadvisor.util.TushareUtils - request : {"api_name":"index_daily","fields":"ts_code,close,pct_chg","params":{"trade_date":"20200318","ts_code":"000300.SH"},"token":"f9e661b705630da6c6203efa6bfe39b20e8cad70b2ccb362a22b46e5"}
2020-03-18 21:47:00.097 [scheduling-1] INFO  com.penghk.fund.roboadvisor.util.TushareUtils - get response : {"request_id": "f0f0e718691e11eabdf80935919862a91584539220047674", "code": 0, "msg": "", "data": {"fields": ["ts_code", "close", "pct_chg"], "items": [["000300.SH", 3636.2565, -1.9793]], "has_more": false}}
2020-03-18 21:47:00.098 [scheduling-1] INFO  com.penghk.fund.roboadvisor.service.impl.IndexMonitorImpl - {"close":3636.2565,"pctChg":-1.9793,"tsCode":"000300.SH"}
2020-03-18 21:47:00.098 [scheduling-1] INFO  com.penghk.fund.roboadvisor.service.impl.WeekInvestServiceImpl - hello
2020-03-18 21:47:30.001 [scheduling-1] INFO  com.penghk.fund.roboadvisor.service.impl.WeekInvestServiceImpl - hello
2020-03-18 21:47:30.001 [scheduling-1] INFO  com.penghk.fund.roboadvisor.util.TushareUtils - request : {"api_name":"index_daily","fields":"ts_code,close,pct_chg","params":{"trade_date":"20200318","ts_code":"000300.SH"},"token":"f9e661b705630da6c6203efa6bfe39b20e8cad70b2ccb362a22b46e5"}
2020-03-18 21:47:30.064 [scheduling-1] INFO  com.penghk.fund.roboadvisor.util.TushareUtils - get response : {"request_id": "02cdf7aa691f11ea93cae335d8fdcc4b1584539250017717", "code": 0, "msg": "", "data": {"fields": ["ts_code", "close", "pct_chg"], "items": [["000300.SH", 3636.2565, -1.9793]], "has_more": false}}
2020-03-18 21:47:30.064 [scheduling-1] INFO  com.penghk.fund.roboadvisor.service.impl.IndexMonitorImpl - {"close":3636.2565,"pctChg":-1.9793,"tsCode":"000300.SH"}
2020-03-18 21:47:45.708 [SpringContextShutdownHook] INFO  org.springframework.scheduling.concurrent.ThreadPoolTaskScheduler - Shutting down ExecutorService 'taskScheduler'
2020-03-18 21:47:45.711 [SpringContextShutdownHook] INFO  org.springframework.scheduling.concurrent.ThreadPoolTaskExecutor - Shutting down ExecutorService 'applicationTaskExecutor'
2020-03-18 21:47:57.084 [restartedMain] INFO  com.penghk.fund.roboadvisor.RoboadvisorApplication - Starting RoboadvisorApplication on penghangkongdeMacBook-Pro.local with PID 27469 (/Users/penghangkong/workspace/fund/roboadvisor/target/classes started by penghangkong in /Users/penghangkong/workspace/fund/roboadvisor)
2020-03-18 21:47:57.090 [restartedMain] INFO  com.penghk.fund.roboadvisor.RoboadvisorApplication - No active profile set, falling back to default profiles: default
2020-03-18 21:47:57.333 [restartedMain] INFO  org.springframework.boot.devtools.env.DevToolsPropertyDefaultsPostProcessor - Devtools property defaults active! Set 'spring.devtools.add-properties' to 'false' to disable
2020-03-18 21:47:57.334 [restartedMain] INFO  org.springframework.boot.devtools.env.DevToolsPropertyDefaultsPostProcessor - For additional web related logging consider setting the 'logging.level.web' property to 'DEBUG'
2020-03-18 21:47:58.306 [restartedMain] INFO  org.springframework.boot.web.embedded.tomcat.TomcatWebServer - Tomcat initialized with port(s): 8080 (http)
2020-03-18 21:47:58.314 [restartedMain] INFO  org.apache.coyote.http11.Http11NioProtocol - Initializing ProtocolHandler ["http-nio-8080"]
2020-03-18 21:47:58.314 [restartedMain] INFO  org.apache.catalina.core.StandardService - Starting service [Tomcat]
2020-03-18 21:47:58.315 [restartedMain] INFO  org.apache.catalina.core.StandardEngine - Starting Servlet engine: [Apache Tomcat/9.0.31]
2020-03-18 21:47:58.379 [restartedMain] INFO  org.apache.catalina.core.ContainerBase.[Tomcat].[localhost].[/] - Initializing Spring embedded WebApplicationContext
2020-03-18 21:47:58.379 [restartedMain] INFO  org.springframework.web.context.ContextLoader - Root WebApplicationContext: initialization completed in 1045 ms
2020-03-18 21:47:58.664 [restartedMain] INFO  org.springframework.scheduling.concurrent.ThreadPoolTaskExecutor - Initializing ExecutorService 'applicationTaskExecutor'
2020-03-18 21:47:58.735 [restartedMain] INFO  org.springframework.scheduling.concurrent.ThreadPoolTaskScheduler - Initializing ExecutorService 'taskScheduler'
2020-03-18 21:47:58.749 [restartedMain] INFO  org.springframework.boot.devtools.autoconfigure.OptionalLiveReloadServer - LiveReload server is running on port 35729
2020-03-18 21:47:58.763 [restartedMain] INFO  org.apache.coyote.http11.Http11NioProtocol - Starting ProtocolHandler ["http-nio-8080"]
2020-03-18 21:47:58.786 [restartedMain] INFO  org.springframework.boot.web.embedded.tomcat.TomcatWebServer - Tomcat started on port(s): 8080 (http) with context path ''
2020-03-18 21:47:58.789 [restartedMain] INFO  com.penghk.fund.roboadvisor.RoboadvisorApplication - Started RoboadvisorApplication in 2.258 seconds (JVM running for 3.217)
2020-03-18 21:48:00.136 [scheduling-1] INFO  com.penghk.fund.roboadvisor.util.TushareUtils - request : {"api_name":"index_daily","fields":"ts_code,close,pct_chg","params":{"trade_date":"20200318","ts_code":"000300.SH"},"token":"f9e661b705630da6c6203efa6bfe39b20e8cad70b2ccb362a22b46e5"}
2020-03-18 21:48:00.308 [scheduling-1] INFO  com.penghk.fund.roboadvisor.util.TushareUtils - get response : {"request_id": "14d29bf4691f11ea988eb7e10c0b40501584539280247117", "code": 0, "msg": "", "data": {"fields": ["ts_code", "close", "pct_chg"], "items": [["000300.SH", 3636.2565, -1.9793]], "has_more": false}}
2020-03-18 21:48:00.317 [scheduling-1] INFO  com.penghk.fund.roboadvisor.service.impl.IndexMonitorImpl - {"close":3636.2565,"pctChg":-1.9793,"tsCode":"000300.SH"}
2020-03-18 21:48:00.317 [scheduling-1] INFO  com.penghk.fund.roboadvisor.service.impl.WeekInvestServiceImpl - hello
2020-03-18 21:48:30.002 [scheduling-1] INFO  com.penghk.fund.roboadvisor.util.TushareUtils - request : {"api_name":"index_daily","fields":"ts_code,close,pct_chg","params":{"trade_date":"20200318","ts_code":"000300.SH"},"token":"f9e661b705630da6c6203efa6bfe39b20e8cad70b2ccb362a22b46e5"}
2020-03-18 21:48:30.084 [scheduling-1] INFO  com.penghk.fund.roboadvisor.util.TushareUtils - get response : {"request_id": "26926d56691f11ea9bc99fc29e8bc5381584539310025488", "code": 0, "msg": "", "data": {"fields": ["ts_code", "close", "pct_chg"], "items": [["000300.SH", 3636.2565, -1.9793]], "has_more": false}}
2020-03-18 21:48:30.085 [scheduling-1] INFO  com.penghk.fund.roboadvisor.service.impl.IndexMonitorImpl - {"close":3636.2565,"pctChg":-1.9793,"tsCode":"000300.SH"}
2020-03-18 21:48:30.085 [scheduling-1] INFO  com.penghk.fund.roboadvisor.service.impl.WeekInvestServiceImpl - hello
2020-03-18 21:49:00.003 [scheduling-1] INFO  com.penghk.fund.roboadvisor.util.TushareUtils - request : {"api_name":"index_daily","fields":"ts_code,close,pct_chg","params":{"trade_date":"20200318","ts_code":"000300.SH"},"token":"f9e661b705630da6c6203efa6bfe39b20e8cad70b2ccb362a22b46e5"}
2020-03-18 21:49:00.071 [scheduling-1] INFO  com.penghk.fund.roboadvisor.util.TushareUtils - get response : {"request_id": "387403d6691f11eab59ebf5d2639f5fc1584539340025163", "code": 0, "msg": "", "data": {"fields": ["ts_code", "close", "pct_chg"], "items": [["000300.SH", 3636.2565, -1.9793]], "has_more": false}}
2020-03-18 21:49:00.072 [scheduling-1] INFO  com.penghk.fund.roboadvisor.service.impl.IndexMonitorImpl - {"close":3636.2565,"pctChg":-1.9793,"tsCode":"000300.SH"}
2020-03-18 21:49:00.072 [scheduling-1] INFO  com.penghk.fund.roboadvisor.service.impl.WeekInvestServiceImpl - hello
2020-03-18 21:49:30.004 [scheduling-1] INFO  com.penghk.fund.roboadvisor.service.impl.WeekInvestServiceImpl - hello
2020-03-18 21:49:30.005 [scheduling-1] INFO  com.penghk.fund.roboadvisor.util.TushareUtils - request : {"api_name":"index_daily","fields":"ts_code,close,pct_chg","params":{"trade_date":"20200318","ts_code":"000300.SH"},"token":"f9e661b705630da6c6203efa6bfe39b20e8cad70b2ccb362a22b46e5"}
2020-03-18 21:49:30.083 [scheduling-1] INFO  com.penghk.fund.roboadvisor.util.TushareUtils - get response : {"request_id": "4a55a212691f11eaae489d118375f5ad1584539370025046", "code": 0, "msg": "", "data": {"fields": ["ts_code", "close", "pct_chg"], "items": [["000300.SH", 3636.2565, -1.9793]], "has_more": false}}
2020-03-18 21:49:30.083 [scheduling-1] INFO  com.penghk.fund.roboadvisor.service.impl.IndexMonitorImpl - {"close":3636.2565,"pctChg":-1.9793,"tsCode":"000300.SH"}
2020-03-18 21:50:00.004 [scheduling-1] INFO  com.penghk.fund.roboadvisor.service.impl.WeekInvestServiceImpl - hello
2020-03-18 21:50:00.004 [scheduling-1] INFO  com.penghk.fund.roboadvisor.util.TushareUtils - request : {"api_name":"index_daily","fields":"ts_code,close,pct_chg","params":{"trade_date":"20200318","ts_code":"000300.SH"},"token":"f9e661b705630da6c6203efa6bfe39b20e8cad70b2ccb362a22b46e5"}
2020-03-18 21:50:00.070 [scheduling-1] INFO  com.penghk.fund.roboadvisor.util.TushareUtils - get response : {"request_id": "5c374efe691f11ea8656550257a66ad91584539400025293", "code": 0, "msg": "", "data": {"fields": ["ts_code", "close", "pct_chg"], "items": [["000300.SH", 3636.2565, -1.9793]], "has_more": false}}
2020-03-18 21:50:00.070 [scheduling-1] INFO  com.penghk.fund.roboadvisor.service.impl.IndexMonitorImpl - {"close":3636.2565,"pctChg":-1.9793,"tsCode":"000300.SH"}
2020-03-18 21:50:30.004 [scheduling-1] INFO  com.penghk.fund.roboadvisor.service.impl.WeekInvestServiceImpl - hello
2020-03-18 21:50:30.005 [scheduling-1] INFO  com.penghk.fund.roboadvisor.util.TushareUtils - request : {"api_name":"index_daily","fields":"ts_code,close,pct_chg","params":{"trade_date":"20200318","ts_code":"000300.SH"},"token":"f9e661b705630da6c6203efa6bfe39b20e8cad70b2ccb362a22b46e5"}
2020-03-18 21:50:30.083 [scheduling-1] INFO  com.penghk.fund.roboadvisor.util.TushareUtils - get response : {"request_id": "6e19acf2691f11ea9b130daba676e4b91584539430030085", "code": 0, "msg": "", "data": {"fields": ["ts_code", "close", "pct_chg"], "items": [["000300.SH", 3636.2565, -1.9793]], "has_more": false}}
2020-03-18 21:50:30.084 [scheduling-1] INFO  com.penghk.fund.roboadvisor.service.impl.IndexMonitorImpl - {"close":3636.2565,"pctChg":-1.9793,"tsCode":"000300.SH"}
2020-03-18 21:51:00.005 [scheduling-1] INFO  com.penghk.fund.roboadvisor.service.impl.WeekInvestServiceImpl - hello
2020-03-18 21:51:00.005 [scheduling-1] INFO  com.penghk.fund.roboadvisor.util.TushareUtils - request : {"api_name":"index_daily","fields":"ts_code,close,pct_chg","params":{"trade_date":"20200318","ts_code":"000300.SH"},"token":"f9e661b705630da6c6203efa6bfe39b20e8cad70b2ccb362a22b46e5"}
2020-03-18 21:51:00.072 [scheduling-1] INFO  com.penghk.fund.roboadvisor.util.TushareUtils - get response : {"request_id": "7ffb1492691f11ea9b130daba676e4b91584539460028557", "code": 0, "msg": "", "data": {"fields": ["ts_code", "close", "pct_chg"], "items": [["000300.SH", 3636.2565, -1.9793]], "has_more": false}}
2020-03-18 21:51:00.073 [scheduling-1] INFO  com.penghk.fund.roboadvisor.service.impl.IndexMonitorImpl - {"close":3636.2565,"pctChg":-1.9793,"tsCode":"000300.SH"}
2020-03-18 21:51:30.005 [scheduling-1] INFO  com.penghk.fund.roboadvisor.service.impl.WeekInvestServiceImpl - hello
2020-03-18 21:51:30.006 [scheduling-1] INFO  com.penghk.fund.roboadvisor.util.TushareUtils - request : {"api_name":"index_daily","fields":"ts_code,close,pct_chg","params":{"trade_date":"20200318","ts_code":"000300.SH"},"token":"f9e661b705630da6c6203efa6bfe39b20e8cad70b2ccb362a22b46e5"}
2020-03-18 21:51:30.097 [scheduling-1] INFO  com.penghk.fund.roboadvisor.util.TushareUtils - get response : {"request_id": "91dfb94c691f11eabdf80935919862a91584539490048262", "code": 0, "msg": "", "data": {"fields": ["ts_code", "close", "pct_chg"], "items": [["000300.SH", 3636.2565, -1.9793]], "has_more": false}}
2020-03-18 21:51:30.097 [scheduling-1] INFO  com.penghk.fund.roboadvisor.service.impl.IndexMonitorImpl - {"close":3636.2565,"pctChg":-1.9793,"tsCode":"000300.SH"}
2020-03-18 21:52:00.002 [scheduling-1] INFO  com.penghk.fund.roboadvisor.service.impl.WeekInvestServiceImpl - hello
2020-03-18 21:52:00.003 [scheduling-1] INFO  com.penghk.fund.roboadvisor.util.TushareUtils - request : {"api_name":"index_daily","fields":"ts_code,close,pct_chg","params":{"trade_date":"20200318","ts_code":"000300.SH"},"token":"f9e661b705630da6c6203efa6bfe39b20e8cad70b2ccb362a22b46e5"}
2020-03-18 21:52:00.076 [scheduling-1] INFO  com.penghk.fund.roboadvisor.util.TushareUtils - get response : {"request_id": "a3be6956691f11eaa88875e34ca9960a1584539520028937", "code": 0, "msg": "", "data": {"fields": ["ts_code", "close", "pct_chg"], "items": [["000300.SH", 3636.2565, -1.9793]], "has_more": false}}
2020-03-18 21:52:00.077 [scheduling-1] INFO  com.penghk.fund.roboadvisor.service.impl.IndexMonitorImpl - {"close":3636.2565,"pctChg":-1.9793,"tsCode":"000300.SH"}
2020-03-18 21:52:30.001 [scheduling-1] INFO  com.penghk.fund.roboadvisor.service.impl.WeekInvestServiceImpl - hello
2020-03-18 21:52:30.001 [scheduling-1] INFO  com.penghk.fund.roboadvisor.util.TushareUtils - request : {"api_name":"index_daily","fields":"ts_code,close,pct_chg","params":{"trade_date":"20200318","ts_code":"000300.SH"},"token":"f9e661b705630da6c6203efa6bfe39b20e8cad70b2ccb362a22b46e5"}
2020-03-18 21:52:30.089 [scheduling-1] INFO  com.penghk.fund.roboadvisor.util.TushareUtils - get response : {"request_id": "b5a0cd3a691f11eaa88875e34ca9960a1584539550033879", "code": 0, "msg": "", "data": {"fields": ["ts_code", "close", "pct_chg"], "items": [["000300.SH", 3636.2565, -1.9793]], "has_more": false}}
2020-03-18 21:52:30.090 [scheduling-1] INFO  com.penghk.fund.roboadvisor.service.impl.IndexMonitorImpl - {"close":3636.2565,"pctChg":-1.9793,"tsCode":"000300.SH"}
2020-03-18 21:53:00.002 [scheduling-1] INFO  com.penghk.fund.roboadvisor.util.TushareUtils - request : {"api_name":"index_daily","fields":"ts_code,close,pct_chg","params":{"trade_date":"20200318","ts_code":"000300.SH"},"token":"f9e661b705630da6c6203efa6bfe39b20e8cad70b2ccb362a22b46e5"}
2020-03-18 21:53:00.077 [scheduling-1] INFO  com.penghk.fund.roboadvisor.util.TushareUtils - get response : {"request_id": "c7829434691f11eabdf80935919862a91584539580034795", "code": 0, "msg": "", "data": {"fields": ["ts_code", "close", "pct_chg"], "items": [["000300.SH", 3636.2565, -1.9793]], "has_more": false}}
2020-03-18 21:53:00.078 [scheduling-1] INFO  com.penghk.fund.roboadvisor.service.impl.IndexMonitorImpl - {"close":3636.2565,"pctChg":-1.9793,"tsCode":"000300.SH"}
2020-03-18 21:53:00.078 [scheduling-1] INFO  com.penghk.fund.roboadvisor.service.impl.WeekInvestServiceImpl - hello
2020-03-18 21:53:30.003 [scheduling-1] INFO  com.penghk.fund.roboadvisor.util.TushareUtils - request : {"api_name":"index_daily","fields":"ts_code,close,pct_chg","params":{"trade_date":"20200318","ts_code":"000300.SH"},"token":"f9e661b705630da6c6203efa6bfe39b20e8cad70b2ccb362a22b46e5"}
2020-03-18 21:53:30.084 [scheduling-1] INFO  com.penghk.fund.roboadvisor.util.TushareUtils - get response : {"request_id": "d9649d14691f11ea9bc99fc29e8bc5381584539610037414", "code": 0, "msg": "", "data": {"fields": ["ts_code", "close", "pct_chg"], "items": [["000300.SH", 3636.2565, -1.9793]], "has_more": false}}
2020-03-18 21:53:30.085 [scheduling-1] INFO  com.penghk.fund.roboadvisor.service.impl.IndexMonitorImpl - {"close":3636.2565,"pctChg":-1.9793,"tsCode":"000300.SH"}
2020-03-18 21:53:30.085 [scheduling-1] INFO  com.penghk.fund.roboadvisor.service.impl.WeekInvestServiceImpl - hello
2020-03-18 21:57:27.111 [scheduling-1] INFO  com.penghk.fund.roboadvisor.util.TushareUtils - request : {"api_name":"index_daily","fields":"ts_code,close,pct_chg","params":{"trade_date":"20200318","ts_code":"000300.SH"},"token":"f9e661b705630da6c6203efa6bfe39b20e8cad70b2ccb362a22b46e5"}
2020-03-18 21:57:27.302 [scheduling-1] INFO  com.penghk.fund.roboadvisor.service.impl.IndexMonitorImpl - null
2020-03-18 21:57:27.305 [scheduling-1] INFO  com.penghk.fund.roboadvisor.service.impl.WeekInvestServiceImpl - hello
2020-03-18 21:57:30.001 [scheduling-1] INFO  com.penghk.fund.roboadvisor.util.TushareUtils - request : {"api_name":"index_daily","fields":"ts_code,close,pct_chg","params":{"trade_date":"20200318","ts_code":"000300.SH"},"token":"f9e661b705630da6c6203efa6bfe39b20e8cad70b2ccb362a22b46e5"}
2020-03-18 21:57:30.200 [scheduling-1] INFO  com.penghk.fund.roboadvisor.util.TushareUtils - get response : {"request_id": "68830b48692011eabb6ee766d840212b1584539850151028", "code": 0, "msg": "", "data": {"fields": ["ts_code", "close", "pct_chg"], "items": [["000300.SH", 3636.2565, -1.9793]], "has_more": false}}
2020-03-18 21:57:30.208 [scheduling-1] INFO  com.penghk.fund.roboadvisor.service.impl.IndexMonitorImpl - {"close":3636.2565,"pctChg":-1.9793,"tsCode":"000300.SH"}
2020-03-18 21:57:30.210 [scheduling-1] INFO  com.penghk.fund.roboadvisor.service.impl.WeekInvestServiceImpl - hello
2020-03-18 21:58:00.007 [scheduling-1] INFO  com.penghk.fund.roboadvisor.service.impl.WeekInvestServiceImpl - hello
2020-03-18 21:58:00.009 [scheduling-1] INFO  com.penghk.fund.roboadvisor.util.TushareUtils - request : {"api_name":"index_daily","fields":"ts_code,close,pct_chg","params":{"trade_date":"20200318","ts_code":"000300.SH"},"token":"f9e661b705630da6c6203efa6bfe39b20e8cad70b2ccb362a22b46e5"}
2020-03-18 21:58:00.156 [scheduling-1] INFO  com.penghk.fund.roboadvisor.util.TushareUtils - get response : {"request_id": "7a5cbab2692011ea83f9ff5a4aaf01da1584539880098910", "code": 0, "msg": "", "data": {"fields": ["ts_code", "close", "pct_chg"], "items": [["000300.SH", 3636.2565, -1.9793]], "has_more": false}}
2020-03-18 21:58:00.157 [scheduling-1] INFO  com.penghk.fund.roboadvisor.service.impl.IndexMonitorImpl - {"close":3636.2565,"pctChg":-1.9793,"tsCode":"000300.SH"}
2020-03-18 21:58:31.725 [SpringContextShutdownHook] INFO  org.springframework.scheduling.concurrent.ThreadPoolTaskScheduler - Shutting down ExecutorService 'taskScheduler'
2020-03-18 21:58:31.726 [SpringContextShutdownHook] INFO  org.springframework.scheduling.concurrent.ThreadPoolTaskExecutor - Shutting down ExecutorService 'applicationTaskExecutor'
