2020-03-16 08:00:03.552 [scheduling-1] INFO  com.penghk.fund.roboadvisor.service.impl.WeekInvestServiceImpl - hello
2020-03-16 09:32:59.499 [scheduling-1] INFO  com.penghk.fund.roboadvisor.service.impl.WeekInvestServiceImpl - hello
2020-03-16 09:33:00.003 [scheduling-1] INFO  com.penghk.fund.roboadvisor.service.impl.WeekInvestServiceImpl - hello
2020-03-16 09:33:30.006 [scheduling-1] INFO  com.penghk.fund.roboadvisor.service.impl.WeekInvestServiceImpl - hello
2020-03-16 09:34:00.004 [scheduling-1] INFO  com.penghk.fund.roboadvisor.service.impl.WeekInvestServiceImpl - hello
2020-03-16 09:34:30.001 [scheduling-1] INFO  com.penghk.fund.roboadvisor.service.impl.WeekInvestServiceImpl - hello
2020-03-16 09:35:00.005 [scheduling-1] INFO  com.penghk.fund.roboadvisor.service.impl.WeekInvestServiceImpl - hello
2020-03-16 09:35:30.004 [scheduling-1] INFO  com.penghk.fund.roboadvisor.service.impl.WeekInvestServiceImpl - hello
2020-03-16 09:36:00.004 [scheduling-1] INFO  com.penghk.fund.roboadvisor.service.impl.WeekInvestServiceImpl - hello
2020-03-16 09:36:30.005 [scheduling-1] INFO  com.penghk.fund.roboadvisor.service.impl.WeekInvestServiceImpl - hello
2020-03-16 09:37:00.004 [scheduling-1] INFO  com.penghk.fund.roboadvisor.service.impl.WeekInvestServiceImpl - hello
2020-03-16 09:37:30.002 [scheduling-1] INFO  com.penghk.fund.roboadvisor.service.impl.WeekInvestServiceImpl - hello
2020-03-16 09:38:00.005 [scheduling-1] INFO  com.penghk.fund.roboadvisor.service.impl.WeekInvestServiceImpl - hello
2020-03-16 09:38:30.002 [scheduling-1] INFO  com.penghk.fund.roboadvisor.service.impl.WeekInvestServiceImpl - hello
2020-03-16 09:39:00.004 [scheduling-1] INFO  com.penghk.fund.roboadvisor.service.impl.WeekInvestServiceImpl - hello
2020-03-16 09:39:30.004 [scheduling-1] INFO  com.penghk.fund.roboadvisor.service.impl.WeekInvestServiceImpl - hello
2020-03-16 09:40:00.005 [scheduling-1] INFO  com.penghk.fund.roboadvisor.service.impl.WeekInvestServiceImpl - hello
2020-03-16 09:40:30.003 [scheduling-1] INFO  com.penghk.fund.roboadvisor.service.impl.WeekInvestServiceImpl - hello
2020-03-16 09:41:00.002 [scheduling-1] INFO  com.penghk.fund.roboadvisor.service.impl.WeekInvestServiceImpl - hello
2020-03-16 09:41:30.005 [scheduling-1] INFO  com.penghk.fund.roboadvisor.service.impl.WeekInvestServiceImpl - hello
2020-03-16 09:42:00.002 [scheduling-1] INFO  com.penghk.fund.roboadvisor.service.impl.WeekInvestServiceImpl - hello
2020-03-16 09:42:30.004 [scheduling-1] INFO  com.penghk.fund.roboadvisor.service.impl.WeekInvestServiceImpl - hello
2020-03-16 09:43:00.001 [scheduling-1] INFO  com.penghk.fund.roboadvisor.service.impl.WeekInvestServiceImpl - hello
2020-03-16 09:43:30.004 [scheduling-1] INFO  com.penghk.fund.roboadvisor.service.impl.WeekInvestServiceImpl - hello
2020-03-16 09:44:00.003 [scheduling-1] INFO  com.penghk.fund.roboadvisor.service.impl.WeekInvestServiceImpl - hello
2020-03-16 09:44:30.006 [scheduling-1] INFO  com.penghk.fund.roboadvisor.service.impl.WeekInvestServiceImpl - hello
2020-03-16 09:45:00.002 [scheduling-1] INFO  com.penghk.fund.roboadvisor.service.impl.WeekInvestServiceImpl - hello
2020-03-16 09:45:30.002 [scheduling-1] INFO  com.penghk.fund.roboadvisor.service.impl.WeekInvestServiceImpl - hello
2020-03-16 09:46:00.002 [scheduling-1] INFO  com.penghk.fund.roboadvisor.service.impl.WeekInvestServiceImpl - hello
2020-03-16 09:46:30.001 [scheduling-1] INFO  com.penghk.fund.roboadvisor.service.impl.WeekInvestServiceImpl - hello
2020-03-16 09:47:00.001 [scheduling-1] INFO  com.penghk.fund.roboadvisor.service.impl.WeekInvestServiceImpl - hello
2020-03-16 09:47:30.003 [scheduling-1] INFO  com.penghk.fund.roboadvisor.service.impl.WeekInvestServiceImpl - hello
2020-03-16 09:48:00.002 [scheduling-1] INFO  com.penghk.fund.roboadvisor.service.impl.WeekInvestServiceImpl - hello
2020-03-16 09:48:30.000 [scheduling-1] INFO  com.penghk.fund.roboadvisor.service.impl.WeekInvestServiceImpl - hello
2020-03-16 09:49:00.004 [scheduling-1] INFO  com.penghk.fund.roboadvisor.service.impl.WeekInvestServiceImpl - hello
2020-03-16 09:49:30.001 [scheduling-1] INFO  com.penghk.fund.roboadvisor.service.impl.WeekInvestServiceImpl - hello
2020-03-16 09:50:00.005 [scheduling-1] INFO  com.penghk.fund.roboadvisor.service.impl.WeekInvestServiceImpl - hello
2020-03-16 09:50:30.001 [scheduling-1] INFO  com.penghk.fund.roboadvisor.service.impl.WeekInvestServiceImpl - hello
2020-03-16 09:51:00.003 [scheduling-1] INFO  com.penghk.fund.roboadvisor.service.impl.WeekInvestServiceImpl - hello
2020-03-16 09:51:30.005 [scheduling-1] INFO  com.penghk.fund.roboadvisor.service.impl.WeekInvestServiceImpl - hello
2020-03-16 09:52:00.002 [scheduling-1] INFO  com.penghk.fund.roboadvisor.service.impl.WeekInvestServiceImpl - hello
2020-03-16 09:52:30.002 [scheduling-1] INFO  com.penghk.fund.roboadvisor.service.impl.WeekInvestServiceImpl - hello
2020-03-16 09:53:00.002 [scheduling-1] INFO  com.penghk.fund.roboadvisor.service.impl.WeekInvestServiceImpl - hello
2020-03-16 09:53:30.003 [scheduling-1] INFO  com.penghk.fund.roboadvisor.service.impl.WeekInvestServiceImpl - hello
2020-03-16 09:54:00.002 [scheduling-1] INFO  com.penghk.fund.roboadvisor.service.impl.WeekInvestServiceImpl - hello
2020-03-16 09:54:30.003 [scheduling-1] INFO  com.penghk.fund.roboadvisor.service.impl.WeekInvestServiceImpl - hello
2020-03-16 09:55:00.001 [scheduling-1] INFO  com.penghk.fund.roboadvisor.service.impl.WeekInvestServiceImpl - hello
2020-03-16 09:55:30.003 [scheduling-1] INFO  com.penghk.fund.roboadvisor.service.impl.WeekInvestServiceImpl - hello
2020-03-16 09:56:00.004 [scheduling-1] INFO  com.penghk.fund.roboadvisor.service.impl.WeekInvestServiceImpl - hello
2020-03-16 09:56:30.001 [scheduling-1] INFO  com.penghk.fund.roboadvisor.service.impl.WeekInvestServiceImpl - hello
2020-03-16 09:56:39.611 [Thread-51] INFO  org.springframework.scheduling.concurrent.ThreadPoolTaskScheduler - Shutting down ExecutorService 'taskScheduler'
2020-03-16 09:56:39.614 [Thread-51] INFO  org.springframework.scheduling.concurrent.ThreadPoolTaskExecutor - Shutting down ExecutorService 'applicationTaskExecutor'
2020-03-16 20:19:50.247 [main] INFO  org.springframework.boot.test.context.SpringBootTestContextBootstrapper - Neither @ContextConfiguration nor @ContextHierarchy found for test class [com.penghk.fund.roboadvisor.RoboadvisorApplicationTests], using SpringBootContextLoader
2020-03-16 20:19:50.257 [main] INFO  org.springframework.test.context.support.AbstractContextLoader - Could not detect default resource locations for test class [com.penghk.fund.roboadvisor.RoboadvisorApplicationTests]: no resource found for suffixes {-context.xml, Context.groovy}.
2020-03-16 20:19:50.258 [main] INFO  org.springframework.test.context.support.AnnotationConfigContextLoaderUtils - Could not detect default configuration classes for test class [com.penghk.fund.roboadvisor.RoboadvisorApplicationTests]: RoboadvisorApplicationTests does not declare any static, non-private, non-final, nested classes annotated with @Configuration.
2020-03-16 20:19:50.490 [main] INFO  org.springframework.boot.test.context.SpringBootTestContextBootstrapper - Found @SpringBootConfiguration com.penghk.fund.roboadvisor.RoboadvisorApplication for test class com.penghk.fund.roboadvisor.RoboadvisorApplicationTests
2020-03-16 20:19:50.647 [main] INFO  org.springframework.boot.test.context.SpringBootTestContextBootstrapper - Loaded default TestExecutionListener class names from location [META-INF/spring.factories]: [org.springframework.boot.test.mock.mockito.MockitoTestExecutionListener, org.springframework.boot.test.mock.mockito.ResetMocksTestExecutionListener, org.springframework.boot.test.autoconfigure.restdocs.RestDocsTestExecutionListener, org.springframework.boot.test.autoconfigure.web.client.MockRestServiceServerResetTestExecutionListener, org.springframework.boot.test.autoconfigure.web.servlet.MockMvcPrintOnlyOnFailureTestExecutionListener, org.springframework.boot.test.autoconfigure.web.servlet.WebDriverTestExecutionListener, org.springframework.test.context.web.ServletTestExecutionListener, org.springframework.test.context.support.DirtiesContextBeforeModesTestExecutionListener, org.springframework.test.context.support.DependencyInjectionTestExecutionListener, org.springframework.test.context.support.DirtiesContextTestExecutionListener, org.springframework.test.context.transaction.TransactionalTestExecutionListener, org.springframework.test.context.jdbc.SqlScriptsTestExecutionListener, org.springframework.test.context.event.EventPublishingTestExecutionListener]
2020-03-16 20:19:50.673 [main] INFO  org.springframework.boot.test.context.SpringBootTestContextBootstrapper - Using TestExecutionListeners: [org.springframework.test.context.web.ServletTestExecutionListener@65a4798f, org.springframework.test.context.support.DirtiesContextBeforeModesTestExecutionListener@773f7880, org.springframework.boot.test.mock.mockito.MockitoTestExecutionListener@878452d, org.springframework.boot.test.autoconfigure.SpringBootDependencyInjectionTestExecutionListener@426b6a74, org.springframework.test.context.support.DirtiesContextTestExecutionListener@4c51bb7, org.springframework.test.context.event.EventPublishingTestExecutionListener@83298d7, org.springframework.boot.test.mock.mockito.ResetMocksTestExecutionListener@42a9e5d1, org.springframework.boot.test.autoconfigure.restdocs.RestDocsTestExecutionListener@5b080f3a, org.springframework.boot.test.autoconfigure.web.client.MockRestServiceServerResetTestExecutionListener@773cbf4f, org.springframework.boot.test.autoconfigure.web.servlet.MockMvcPrintOnlyOnFailureTestExecutionListener@6b54655f, org.springframework.boot.test.autoconfigure.web.servlet.WebDriverTestExecutionListener@665e9289]
2020-03-16 20:20:11.219 [main] INFO  com.penghk.fund.roboadvisor.RoboadvisorApplicationTests - Starting RoboadvisorApplicationTests on penghangkongdeMacBook-Pro.local with PID 64465 (started by xmly in /Users/xmly/workspace/fund/roboadvisor)
2020-03-16 20:20:11.221 [main] INFO  com.penghk.fund.roboadvisor.RoboadvisorApplicationTests - No active profile set, falling back to default profiles: default
2020-03-16 20:20:13.289 [main] INFO  org.springframework.scheduling.concurrent.ThreadPoolTaskExecutor - Initializing ExecutorService 'applicationTaskExecutor'
2020-03-16 20:20:13.670 [main] INFO  org.springframework.scheduling.concurrent.ThreadPoolTaskScheduler - Initializing ExecutorService 'taskScheduler'
2020-03-16 20:20:13.724 [main] INFO  com.penghk.fund.roboadvisor.RoboadvisorApplicationTests - Started RoboadvisorApplicationTests in 22.964 seconds (JVM running for 26.555)
2020-03-16 20:21:33.832 [scheduling-1] INFO  com.penghk.fund.roboadvisor.service.impl.WeekInvestServiceImpl - hello
2020-03-16 20:21:33.832 [main] INFO  com.penghk.fund.roboadvisor.util.TushareUtils - get response : {"request_id": "7d36dffc678011ea9bc99fc29e8bc5381584361214244482", "code": 40101, "msg": "\u8bf7\u63d0\u4f9b\u63a5\u53e3token", "data": null}
2020-03-16 20:21:33.862 [SpringContextShutdownHook] INFO  org.springframework.scheduling.concurrent.ThreadPoolTaskScheduler - Shutting down ExecutorService 'taskScheduler'
2020-03-16 20:21:33.864 [SpringContextShutdownHook] INFO  org.springframework.scheduling.concurrent.ThreadPoolTaskExecutor - Shutting down ExecutorService 'applicationTaskExecutor'
2020-03-16 20:21:46.101 [main] INFO  org.springframework.boot.test.context.SpringBootTestContextBootstrapper - Neither @ContextConfiguration nor @ContextHierarchy found for test class [com.penghk.fund.roboadvisor.RoboadvisorApplicationTests], using SpringBootContextLoader
2020-03-16 20:21:46.112 [main] INFO  org.springframework.test.context.support.AbstractContextLoader - Could not detect default resource locations for test class [com.penghk.fund.roboadvisor.RoboadvisorApplicationTests]: no resource found for suffixes {-context.xml, Context.groovy}.
2020-03-16 20:21:46.114 [main] INFO  org.springframework.test.context.support.AnnotationConfigContextLoaderUtils - Could not detect default configuration classes for test class [com.penghk.fund.roboadvisor.RoboadvisorApplicationTests]: RoboadvisorApplicationTests does not declare any static, non-private, non-final, nested classes annotated with @Configuration.
2020-03-16 20:21:46.276 [main] INFO  org.springframework.boot.test.context.SpringBootTestContextBootstrapper - Found @SpringBootConfiguration com.penghk.fund.roboadvisor.RoboadvisorApplication for test class com.penghk.fund.roboadvisor.RoboadvisorApplicationTests
2020-03-16 20:21:46.398 [main] INFO  org.springframework.boot.test.context.SpringBootTestContextBootstrapper - Loaded default TestExecutionListener class names from location [META-INF/spring.factories]: [org.springframework.boot.test.mock.mockito.MockitoTestExecutionListener, org.springframework.boot.test.mock.mockito.ResetMocksTestExecutionListener, org.springframework.boot.test.autoconfigure.restdocs.RestDocsTestExecutionListener, org.springframework.boot.test.autoconfigure.web.client.MockRestServiceServerResetTestExecutionListener, org.springframework.boot.test.autoconfigure.web.servlet.MockMvcPrintOnlyOnFailureTestExecutionListener, org.springframework.boot.test.autoconfigure.web.servlet.WebDriverTestExecutionListener, org.springframework.test.context.web.ServletTestExecutionListener, org.springframework.test.context.support.DirtiesContextBeforeModesTestExecutionListener, org.springframework.test.context.support.DependencyInjectionTestExecutionListener, org.springframework.test.context.support.DirtiesContextTestExecutionListener, org.springframework.test.context.transaction.TransactionalTestExecutionListener, org.springframework.test.context.jdbc.SqlScriptsTestExecutionListener, org.springframework.test.context.event.EventPublishingTestExecutionListener]
2020-03-16 20:21:46.417 [main] INFO  org.springframework.boot.test.context.SpringBootTestContextBootstrapper - Using TestExecutionListeners: [org.springframework.test.context.web.ServletTestExecutionListener@65a4798f, org.springframework.test.context.support.DirtiesContextBeforeModesTestExecutionListener@773f7880, org.springframework.boot.test.mock.mockito.MockitoTestExecutionListener@878452d, org.springframework.boot.test.autoconfigure.SpringBootDependencyInjectionTestExecutionListener@426b6a74, org.springframework.test.context.support.DirtiesContextTestExecutionListener@4c51bb7, org.springframework.test.context.event.EventPublishingTestExecutionListener@83298d7, org.springframework.boot.test.mock.mockito.ResetMocksTestExecutionListener@42a9e5d1, org.springframework.boot.test.autoconfigure.restdocs.RestDocsTestExecutionListener@5b080f3a, org.springframework.boot.test.autoconfigure.web.client.MockRestServiceServerResetTestExecutionListener@773cbf4f, org.springframework.boot.test.autoconfigure.web.servlet.MockMvcPrintOnlyOnFailureTestExecutionListener@6b54655f, org.springframework.boot.test.autoconfigure.web.servlet.WebDriverTestExecutionListener@665e9289]
2020-03-16 20:22:06.894 [main] INFO  com.penghk.fund.roboadvisor.RoboadvisorApplicationTests - Starting RoboadvisorApplicationTests on penghangkongdeMacBook-Pro.local with PID 64485 (started by xmly in /Users/xmly/workspace/fund/roboadvisor)
2020-03-16 20:22:06.895 [main] INFO  com.penghk.fund.roboadvisor.RoboadvisorApplicationTests - No active profile set, falling back to default profiles: default
2020-03-16 20:22:08.722 [main] INFO  org.springframework.scheduling.concurrent.ThreadPoolTaskExecutor - Initializing ExecutorService 'applicationTaskExecutor'
2020-03-16 20:22:09.024 [main] INFO  org.springframework.scheduling.concurrent.ThreadPoolTaskScheduler - Initializing ExecutorService 'taskScheduler'
2020-03-16 20:22:09.070 [main] INFO  com.penghk.fund.roboadvisor.RoboadvisorApplicationTests - Started RoboadvisorApplicationTests in 22.596 seconds (JVM running for 24.136)
2020-03-16 20:22:19.210 [main] INFO  com.penghk.fund.roboadvisor.util.TushareUtils - get response : {"request_id": "c1ebd7a6678011eab46c4b3d2a06a6cf1584361329515535", "code": 40101, "msg": "\u8bf7\u63d0\u4f9b\u63a5\u53e3token", "data": null}
2020-03-16 20:22:19.236 [SpringContextShutdownHook] INFO  org.springframework.scheduling.concurrent.ThreadPoolTaskScheduler - Shutting down ExecutorService 'taskScheduler'
2020-03-16 20:22:19.239 [SpringContextShutdownHook] INFO  org.springframework.scheduling.concurrent.ThreadPoolTaskExecutor - Shutting down ExecutorService 'applicationTaskExecutor'
2020-03-16 20:39:42.050 [main] INFO  org.springframework.boot.test.context.SpringBootTestContextBootstrapper - Neither @ContextConfiguration nor @ContextHierarchy found for test class [com.penghk.fund.roboadvisor.RoboadvisorApplicationTests], using SpringBootContextLoader
2020-03-16 20:39:42.061 [main] INFO  org.springframework.test.context.support.AbstractContextLoader - Could not detect default resource locations for test class [com.penghk.fund.roboadvisor.RoboadvisorApplicationTests]: no resource found for suffixes {-context.xml, Context.groovy}.
2020-03-16 20:39:42.062 [main] INFO  org.springframework.test.context.support.AnnotationConfigContextLoaderUtils - Could not detect default configuration classes for test class [com.penghk.fund.roboadvisor.RoboadvisorApplicationTests]: RoboadvisorApplicationTests does not declare any static, non-private, non-final, nested classes annotated with @Configuration.
2020-03-16 20:39:42.247 [main] INFO  org.springframework.boot.test.context.SpringBootTestContextBootstrapper - Found @SpringBootConfiguration com.penghk.fund.roboadvisor.RoboadvisorApplication for test class com.penghk.fund.roboadvisor.RoboadvisorApplicationTests
2020-03-16 20:39:42.395 [main] INFO  org.springframework.boot.test.context.SpringBootTestContextBootstrapper - Loaded default TestExecutionListener class names from location [META-INF/spring.factories]: [org.springframework.boot.test.mock.mockito.MockitoTestExecutionListener, org.springframework.boot.test.mock.mockito.ResetMocksTestExecutionListener, org.springframework.boot.test.autoconfigure.restdocs.RestDocsTestExecutionListener, org.springframework.boot.test.autoconfigure.web.client.MockRestServiceServerResetTestExecutionListener, org.springframework.boot.test.autoconfigure.web.servlet.MockMvcPrintOnlyOnFailureTestExecutionListener, org.springframework.boot.test.autoconfigure.web.servlet.WebDriverTestExecutionListener, org.springframework.test.context.web.ServletTestExecutionListener, org.springframework.test.context.support.DirtiesContextBeforeModesTestExecutionListener, org.springframework.test.context.support.DependencyInjectionTestExecutionListener, org.springframework.test.context.support.DirtiesContextTestExecutionListener, org.springframework.test.context.transaction.TransactionalTestExecutionListener, org.springframework.test.context.jdbc.SqlScriptsTestExecutionListener, org.springframework.test.context.event.EventPublishingTestExecutionListener]
2020-03-16 20:39:42.413 [main] INFO  org.springframework.boot.test.context.SpringBootTestContextBootstrapper - Using TestExecutionListeners: [org.springframework.test.context.web.ServletTestExecutionListener@773f7880, org.springframework.test.context.support.DirtiesContextBeforeModesTestExecutionListener@878452d, org.springframework.boot.test.mock.mockito.MockitoTestExecutionListener@426b6a74, org.springframework.boot.test.autoconfigure.SpringBootDependencyInjectionTestExecutionListener@4c51bb7, org.springframework.test.context.support.DirtiesContextTestExecutionListener@83298d7, org.springframework.test.context.event.EventPublishingTestExecutionListener@42a9e5d1, org.springframework.boot.test.mock.mockito.ResetMocksTestExecutionListener@5b080f3a, org.springframework.boot.test.autoconfigure.restdocs.RestDocsTestExecutionListener@773cbf4f, org.springframework.boot.test.autoconfigure.web.client.MockRestServiceServerResetTestExecutionListener@6b54655f, org.springframework.boot.test.autoconfigure.web.servlet.MockMvcPrintOnlyOnFailureTestExecutionListener@665e9289, org.springframework.boot.test.autoconfigure.web.servlet.WebDriverTestExecutionListener@7d3430a7]
2020-03-16 20:40:02.999 [main] INFO  com.penghk.fund.roboadvisor.RoboadvisorApplicationTests - Starting RoboadvisorApplicationTests on penghangkongdeMacBook-Pro.local with PID 64583 (started by xmly in /Users/xmly/workspace/fund/roboadvisor)
2020-03-16 20:40:03.000 [main] INFO  com.penghk.fund.roboadvisor.RoboadvisorApplicationTests - No active profile set, falling back to default profiles: default
2020-03-16 20:40:05.066 [main] INFO  org.springframework.scheduling.concurrent.ThreadPoolTaskExecutor - Initializing ExecutorService 'applicationTaskExecutor'
2020-03-16 20:40:05.680 [main] INFO  org.springframework.scheduling.concurrent.ThreadPoolTaskScheduler - Initializing ExecutorService 'taskScheduler'
2020-03-16 20:40:05.738 [main] INFO  com.penghk.fund.roboadvisor.RoboadvisorApplicationTests - Started RoboadvisorApplicationTests in 23.255 seconds (JVM running for 25.059)
2020-03-16 20:40:33.051 [scheduling-1] INFO  com.penghk.fund.roboadvisor.service.impl.WeekInvestServiceImpl - hello
2020-03-16 20:40:33.051 [main] INFO  com.penghk.fund.roboadvisor.util.TushareUtils - get response : {"request_id": "43be2fe8678311eaa88875e34ca9960a1584362406313618", "code": 0, "msg": "", "data": {"fields": ["ts_code"], "items": [], "has_more": false}}
2020-03-16 20:40:33.081 [SpringContextShutdownHook] INFO  org.springframework.scheduling.concurrent.ThreadPoolTaskScheduler - Shutting down ExecutorService 'taskScheduler'
2020-03-16 20:40:33.083 [SpringContextShutdownHook] INFO  org.springframework.scheduling.concurrent.ThreadPoolTaskExecutor - Shutting down ExecutorService 'applicationTaskExecutor'
2020-03-16 20:41:15.241 [main] INFO  org.springframework.boot.test.context.SpringBootTestContextBootstrapper - Neither @ContextConfiguration nor @ContextHierarchy found for test class [com.penghk.fund.roboadvisor.RoboadvisorApplicationTests], using SpringBootContextLoader
2020-03-16 20:41:15.253 [main] INFO  org.springframework.test.context.support.AbstractContextLoader - Could not detect default resource locations for test class [com.penghk.fund.roboadvisor.RoboadvisorApplicationTests]: no resource found for suffixes {-context.xml, Context.groovy}.
2020-03-16 20:41:15.254 [main] INFO  org.springframework.test.context.support.AnnotationConfigContextLoaderUtils - Could not detect default configuration classes for test class [com.penghk.fund.roboadvisor.RoboadvisorApplicationTests]: RoboadvisorApplicationTests does not declare any static, non-private, non-final, nested classes annotated with @Configuration.
2020-03-16 20:41:15.472 [main] INFO  org.springframework.boot.test.context.SpringBootTestContextBootstrapper - Found @SpringBootConfiguration com.penghk.fund.roboadvisor.RoboadvisorApplication for test class com.penghk.fund.roboadvisor.RoboadvisorApplicationTests
2020-03-16 20:41:15.632 [main] INFO  org.springframework.boot.test.context.SpringBootTestContextBootstrapper - Loaded default TestExecutionListener class names from location [META-INF/spring.factories]: [org.springframework.boot.test.mock.mockito.MockitoTestExecutionListener, org.springframework.boot.test.mock.mockito.ResetMocksTestExecutionListener, org.springframework.boot.test.autoconfigure.restdocs.RestDocsTestExecutionListener, org.springframework.boot.test.autoconfigure.web.client.MockRestServiceServerResetTestExecutionListener, org.springframework.boot.test.autoconfigure.web.servlet.MockMvcPrintOnlyOnFailureTestExecutionListener, org.springframework.boot.test.autoconfigure.web.servlet.WebDriverTestExecutionListener, org.springframework.test.context.web.ServletTestExecutionListener, org.springframework.test.context.support.DirtiesContextBeforeModesTestExecutionListener, org.springframework.test.context.support.DependencyInjectionTestExecutionListener, org.springframework.test.context.support.DirtiesContextTestExecutionListener, org.springframework.test.context.transaction.TransactionalTestExecutionListener, org.springframework.test.context.jdbc.SqlScriptsTestExecutionListener, org.springframework.test.context.event.EventPublishingTestExecutionListener]
2020-03-16 20:41:15.648 [main] INFO  org.springframework.boot.test.context.SpringBootTestContextBootstrapper - Using TestExecutionListeners: [org.springframework.test.context.web.ServletTestExecutionListener@773f7880, org.springframework.test.context.support.DirtiesContextBeforeModesTestExecutionListener@878452d, org.springframework.boot.test.mock.mockito.MockitoTestExecutionListener@426b6a74, org.springframework.boot.test.autoconfigure.SpringBootDependencyInjectionTestExecutionListener@4c51bb7, org.springframework.test.context.support.DirtiesContextTestExecutionListener@83298d7, org.springframework.test.context.event.EventPublishingTestExecutionListener@42a9e5d1, org.springframework.boot.test.mock.mockito.ResetMocksTestExecutionListener@5b080f3a, org.springframework.boot.test.autoconfigure.restdocs.RestDocsTestExecutionListener@773cbf4f, org.springframework.boot.test.autoconfigure.web.client.MockRestServiceServerResetTestExecutionListener@6b54655f, org.springframework.boot.test.autoconfigure.web.servlet.MockMvcPrintOnlyOnFailureTestExecutionListener@665e9289, org.springframework.boot.test.autoconfigure.web.servlet.WebDriverTestExecutionListener@7d3430a7]
2020-03-16 20:41:36.244 [main] INFO  com.penghk.fund.roboadvisor.RoboadvisorApplicationTests - Starting RoboadvisorApplicationTests on penghangkongdeMacBook-Pro.local with PID 64597 (started by xmly in /Users/xmly/workspace/fund/roboadvisor)
2020-03-16 20:41:36.247 [main] INFO  com.penghk.fund.roboadvisor.RoboadvisorApplicationTests - No active profile set, falling back to default profiles: default
2020-03-16 20:41:38.235 [main] INFO  org.springframework.scheduling.concurrent.ThreadPoolTaskExecutor - Initializing ExecutorService 'applicationTaskExecutor'
2020-03-16 20:41:38.530 [main] INFO  org.springframework.scheduling.concurrent.ThreadPoolTaskScheduler - Initializing ExecutorService 'taskScheduler'
2020-03-16 20:41:38.583 [main] INFO  com.penghk.fund.roboadvisor.RoboadvisorApplicationTests - Started RoboadvisorApplicationTests in 22.86 seconds (JVM running for 24.558)
2020-03-16 20:42:40.723 [scheduling-1] INFO  com.penghk.fund.roboadvisor.service.impl.WeekInvestServiceImpl - hello
2020-03-16 20:42:40.723 [main] INFO  com.penghk.fund.roboadvisor.util.TushareUtils - get response : {"request_id": "7b0e63b4678311eabdf80935919862a91584362499113902", "code": 0, "msg": "", "data": {"fields": ["ts_code"], "items": [], "has_more": false}}
2020-03-16 20:42:40.752 [SpringContextShutdownHook] INFO  org.springframework.scheduling.concurrent.ThreadPoolTaskScheduler - Shutting down ExecutorService 'taskScheduler'
2020-03-16 20:42:40.756 [SpringContextShutdownHook] INFO  org.springframework.scheduling.concurrent.ThreadPoolTaskExecutor - Shutting down ExecutorService 'applicationTaskExecutor'
2020-03-16 20:42:48.404 [main] INFO  org.springframework.boot.test.context.SpringBootTestContextBootstrapper - Neither @ContextConfiguration nor @ContextHierarchy found for test class [com.penghk.fund.roboadvisor.RoboadvisorApplicationTests], using SpringBootContextLoader
2020-03-16 20:42:48.412 [main] INFO  org.springframework.test.context.support.AbstractContextLoader - Could not detect default resource locations for test class [com.penghk.fund.roboadvisor.RoboadvisorApplicationTests]: no resource found for suffixes {-context.xml, Context.groovy}.
2020-03-16 20:42:48.413 [main] INFO  org.springframework.test.context.support.AnnotationConfigContextLoaderUtils - Could not detect default configuration classes for test class [com.penghk.fund.roboadvisor.RoboadvisorApplicationTests]: RoboadvisorApplicationTests does not declare any static, non-private, non-final, nested classes annotated with @Configuration.
2020-03-16 20:42:48.594 [main] INFO  org.springframework.boot.test.context.SpringBootTestContextBootstrapper - Found @SpringBootConfiguration com.penghk.fund.roboadvisor.RoboadvisorApplication for test class com.penghk.fund.roboadvisor.RoboadvisorApplicationTests
2020-03-16 20:42:48.731 [main] INFO  org.springframework.boot.test.context.SpringBootTestContextBootstrapper - Loaded default TestExecutionListener class names from location [META-INF/spring.factories]: [org.springframework.boot.test.mock.mockito.MockitoTestExecutionListener, org.springframework.boot.test.mock.mockito.ResetMocksTestExecutionListener, org.springframework.boot.test.autoconfigure.restdocs.RestDocsTestExecutionListener, org.springframework.boot.test.autoconfigure.web.client.MockRestServiceServerResetTestExecutionListener, org.springframework.boot.test.autoconfigure.web.servlet.MockMvcPrintOnlyOnFailureTestExecutionListener, org.springframework.boot.test.autoconfigure.web.servlet.WebDriverTestExecutionListener, org.springframework.test.context.web.ServletTestExecutionListener, org.springframework.test.context.support.DirtiesContextBeforeModesTestExecutionListener, org.springframework.test.context.support.DependencyInjectionTestExecutionListener, org.springframework.test.context.support.DirtiesContextTestExecutionListener, org.springframework.test.context.transaction.TransactionalTestExecutionListener, org.springframework.test.context.jdbc.SqlScriptsTestExecutionListener, org.springframework.test.context.event.EventPublishingTestExecutionListener]
2020-03-16 20:42:48.745 [main] INFO  org.springframework.boot.test.context.SpringBootTestContextBootstrapper - Using TestExecutionListeners: [org.springframework.test.context.web.ServletTestExecutionListener@773f7880, org.springframework.test.context.support.DirtiesContextBeforeModesTestExecutionListener@878452d, org.springframework.boot.test.mock.mockito.MockitoTestExecutionListener@426b6a74, org.springframework.boot.test.autoconfigure.SpringBootDependencyInjectionTestExecutionListener@4c51bb7, org.springframework.test.context.support.DirtiesContextTestExecutionListener@83298d7, org.springframework.test.context.event.EventPublishingTestExecutionListener@42a9e5d1, org.springframework.boot.test.mock.mockito.ResetMocksTestExecutionListener@5b080f3a, org.springframework.boot.test.autoconfigure.restdocs.RestDocsTestExecutionListener@773cbf4f, org.springframework.boot.test.autoconfigure.web.client.MockRestServiceServerResetTestExecutionListener@6b54655f, org.springframework.boot.test.autoconfigure.web.servlet.MockMvcPrintOnlyOnFailureTestExecutionListener@665e9289, org.springframework.boot.test.autoconfigure.web.servlet.WebDriverTestExecutionListener@7d3430a7]
2020-03-16 20:43:03.060 [main] INFO  org.springframework.boot.test.context.SpringBootTestContextBootstrapper - Neither @ContextConfiguration nor @ContextHierarchy found for test class [com.penghk.fund.roboadvisor.RoboadvisorApplicationTests], using SpringBootContextLoader
2020-03-16 20:43:03.069 [main] INFO  org.springframework.test.context.support.AbstractContextLoader - Could not detect default resource locations for test class [com.penghk.fund.roboadvisor.RoboadvisorApplicationTests]: no resource found for suffixes {-context.xml, Context.groovy}.
2020-03-16 20:43:03.070 [main] INFO  org.springframework.test.context.support.AnnotationConfigContextLoaderUtils - Could not detect default configuration classes for test class [com.penghk.fund.roboadvisor.RoboadvisorApplicationTests]: RoboadvisorApplicationTests does not declare any static, non-private, non-final, nested classes annotated with @Configuration.
2020-03-16 20:43:03.242 [main] INFO  org.springframework.boot.test.context.SpringBootTestContextBootstrapper - Found @SpringBootConfiguration com.penghk.fund.roboadvisor.RoboadvisorApplication for test class com.penghk.fund.roboadvisor.RoboadvisorApplicationTests
2020-03-16 20:43:03.367 [main] INFO  org.springframework.boot.test.context.SpringBootTestContextBootstrapper - Loaded default TestExecutionListener class names from location [META-INF/spring.factories]: [org.springframework.boot.test.mock.mockito.MockitoTestExecutionListener, org.springframework.boot.test.mock.mockito.ResetMocksTestExecutionListener, org.springframework.boot.test.autoconfigure.restdocs.RestDocsTestExecutionListener, org.springframework.boot.test.autoconfigure.web.client.MockRestServiceServerResetTestExecutionListener, org.springframework.boot.test.autoconfigure.web.servlet.MockMvcPrintOnlyOnFailureTestExecutionListener, org.springframework.boot.test.autoconfigure.web.servlet.WebDriverTestExecutionListener, org.springframework.test.context.web.ServletTestExecutionListener, org.springframework.test.context.support.DirtiesContextBeforeModesTestExecutionListener, org.springframework.test.context.support.DependencyInjectionTestExecutionListener, org.springframework.test.context.support.DirtiesContextTestExecutionListener, org.springframework.test.context.transaction.TransactionalTestExecutionListener, org.springframework.test.context.jdbc.SqlScriptsTestExecutionListener, org.springframework.test.context.event.EventPublishingTestExecutionListener]
2020-03-16 20:43:03.381 [main] INFO  org.springframework.boot.test.context.SpringBootTestContextBootstrapper - Using TestExecutionListeners: [org.springframework.test.context.web.ServletTestExecutionListener@773f7880, org.springframework.test.context.support.DirtiesContextBeforeModesTestExecutionListener@878452d, org.springframework.boot.test.mock.mockito.MockitoTestExecutionListener@426b6a74, org.springframework.boot.test.autoconfigure.SpringBootDependencyInjectionTestExecutionListener@4c51bb7, org.springframework.test.context.support.DirtiesContextTestExecutionListener@83298d7, org.springframework.test.context.event.EventPublishingTestExecutionListener@42a9e5d1, org.springframework.boot.test.mock.mockito.ResetMocksTestExecutionListener@5b080f3a, org.springframework.boot.test.autoconfigure.restdocs.RestDocsTestExecutionListener@773cbf4f, org.springframework.boot.test.autoconfigure.web.client.MockRestServiceServerResetTestExecutionListener@6b54655f, org.springframework.boot.test.autoconfigure.web.servlet.MockMvcPrintOnlyOnFailureTestExecutionListener@665e9289, org.springframework.boot.test.autoconfigure.web.servlet.WebDriverTestExecutionListener@7d3430a7]
2020-03-16 20:43:23.867 [main] INFO  com.penghk.fund.roboadvisor.RoboadvisorApplicationTests - Starting RoboadvisorApplicationTests on penghangkongdeMacBook-Pro.local with PID 64610 (started by xmly in /Users/xmly/workspace/fund/roboadvisor)
2020-03-16 20:43:23.870 [main] INFO  com.penghk.fund.roboadvisor.RoboadvisorApplicationTests - No active profile set, falling back to default profiles: default
2020-03-16 20:43:25.614 [main] INFO  org.springframework.scheduling.concurrent.ThreadPoolTaskExecutor - Initializing ExecutorService 'applicationTaskExecutor'
2020-03-16 20:43:25.913 [main] INFO  org.springframework.scheduling.concurrent.ThreadPoolTaskScheduler - Initializing ExecutorService 'taskScheduler'
2020-03-16 20:43:25.961 [main] INFO  com.penghk.fund.roboadvisor.RoboadvisorApplicationTests - Started RoboadvisorApplicationTests in 22.523 seconds (JVM running for 23.96)
2020-03-16 20:51:54.518 [scheduling-1] INFO  com.penghk.fund.roboadvisor.service.impl.WeekInvestServiceImpl - hello
2020-03-16 20:51:54.515 [main] INFO  com.penghk.fund.roboadvisor.util.TushareUtils - get response : {"request_id": "bb058d4e678311ea8656550257a66ad91584362606430171", "code": 0, "msg": "", "data": {"fields": ["ts_code", "close", "pct_chg"], "items": [], "has_more": false}}
2020-03-16 20:51:54.692 [SpringContextShutdownHook] INFO  org.springframework.scheduling.concurrent.ThreadPoolTaskScheduler - Shutting down ExecutorService 'taskScheduler'
2020-03-16 20:51:54.711 [SpringContextShutdownHook] INFO  org.springframework.scheduling.concurrent.ThreadPoolTaskExecutor - Shutting down ExecutorService 'applicationTaskExecutor'
2020-03-16 20:52:04.768 [main] INFO  org.springframework.boot.test.context.SpringBootTestContextBootstrapper - Neither @ContextConfiguration nor @ContextHierarchy found for test class [com.penghk.fund.roboadvisor.RoboadvisorApplicationTests], using SpringBootContextLoader
2020-03-16 20:52:04.775 [main] INFO  org.springframework.test.context.support.AbstractContextLoader - Could not detect default resource locations for test class [com.penghk.fund.roboadvisor.RoboadvisorApplicationTests]: no resource found for suffixes {-context.xml, Context.groovy}.
2020-03-16 20:52:04.776 [main] INFO  org.springframework.test.context.support.AnnotationConfigContextLoaderUtils - Could not detect default configuration classes for test class [com.penghk.fund.roboadvisor.RoboadvisorApplicationTests]: RoboadvisorApplicationTests does not declare any static, non-private, non-final, nested classes annotated with @Configuration.
2020-03-16 20:52:04.926 [main] INFO  org.springframework.boot.test.context.SpringBootTestContextBootstrapper - Found @SpringBootConfiguration com.penghk.fund.roboadvisor.RoboadvisorApplication for test class com.penghk.fund.roboadvisor.RoboadvisorApplicationTests
2020-03-16 20:52:05.053 [main] INFO  org.springframework.boot.test.context.SpringBootTestContextBootstrapper - Loaded default TestExecutionListener class names from location [META-INF/spring.factories]: [org.springframework.boot.test.mock.mockito.MockitoTestExecutionListener, org.springframework.boot.test.mock.mockito.ResetMocksTestExecutionListener, org.springframework.boot.test.autoconfigure.restdocs.RestDocsTestExecutionListener, org.springframework.boot.test.autoconfigure.web.client.MockRestServiceServerResetTestExecutionListener, org.springframework.boot.test.autoconfigure.web.servlet.MockMvcPrintOnlyOnFailureTestExecutionListener, org.springframework.boot.test.autoconfigure.web.servlet.WebDriverTestExecutionListener, org.springframework.test.context.web.ServletTestExecutionListener, org.springframework.test.context.support.DirtiesContextBeforeModesTestExecutionListener, org.springframework.test.context.support.DependencyInjectionTestExecutionListener, org.springframework.test.context.support.DirtiesContextTestExecutionListener, org.springframework.test.context.transaction.TransactionalTestExecutionListener, org.springframework.test.context.jdbc.SqlScriptsTestExecutionListener, org.springframework.test.context.event.EventPublishingTestExecutionListener]
2020-03-16 20:52:05.068 [main] INFO  org.springframework.boot.test.context.SpringBootTestContextBootstrapper - Using TestExecutionListeners: [org.springframework.test.context.web.ServletTestExecutionListener@773f7880, org.springframework.test.context.support.DirtiesContextBeforeModesTestExecutionListener@878452d, org.springframework.boot.test.mock.mockito.MockitoTestExecutionListener@426b6a74, org.springframework.boot.test.autoconfigure.SpringBootDependencyInjectionTestExecutionListener@4c51bb7, org.springframework.test.context.support.DirtiesContextTestExecutionListener@83298d7, org.springframework.test.context.event.EventPublishingTestExecutionListener@42a9e5d1, org.springframework.boot.test.mock.mockito.ResetMocksTestExecutionListener@5b080f3a, org.springframework.boot.test.autoconfigure.restdocs.RestDocsTestExecutionListener@773cbf4f, org.springframework.boot.test.autoconfigure.web.client.MockRestServiceServerResetTestExecutionListener@6b54655f, org.springframework.boot.test.autoconfigure.web.servlet.MockMvcPrintOnlyOnFailureTestExecutionListener@665e9289, org.springframework.boot.test.autoconfigure.web.servlet.WebDriverTestExecutionListener@7d3430a7]
2020-03-16 20:52:25.551 [main] INFO  com.penghk.fund.roboadvisor.RoboadvisorApplicationTests - Starting RoboadvisorApplicationTests on penghangkongdeMacBook-Pro.local with PID 64638 (started by xmly in /Users/xmly/workspace/fund/roboadvisor)
2020-03-16 20:52:25.552 [main] INFO  com.penghk.fund.roboadvisor.RoboadvisorApplicationTests - No active profile set, falling back to default profiles: default
2020-03-16 20:52:27.179 [main] INFO  org.springframework.scheduling.concurrent.ThreadPoolTaskExecutor - Initializing ExecutorService 'applicationTaskExecutor'
2020-03-16 20:52:27.487 [main] INFO  org.springframework.scheduling.concurrent.ThreadPoolTaskScheduler - Initializing ExecutorService 'taskScheduler'
2020-03-16 20:52:27.536 [main] INFO  com.penghk.fund.roboadvisor.RoboadvisorApplicationTests - Started RoboadvisorApplicationTests in 22.404 seconds (JVM running for 23.909)
2020-03-16 20:53:40.220 [main] INFO  com.penghk.fund.roboadvisor.util.TushareUtils - get response : {"request_id": "fdd8e8ae678411ea83f9ff5a4aaf01da1584363148041668", "code": 0, "msg": "", "data": {"fields": ["ts_code", "close", "pct_chg"], "items": [], "has_more": false}}
2020-03-16 20:53:40.225 [scheduling-1] INFO  com.penghk.fund.roboadvisor.service.impl.WeekInvestServiceImpl - hello
2020-03-16 20:53:40.244 [SpringContextShutdownHook] INFO  org.springframework.scheduling.concurrent.ThreadPoolTaskScheduler - Shutting down ExecutorService 'taskScheduler'
2020-03-16 20:53:40.245 [SpringContextShutdownHook] INFO  org.springframework.scheduling.concurrent.ThreadPoolTaskExecutor - Shutting down ExecutorService 'applicationTaskExecutor'
2020-03-16 20:53:50.202 [main] INFO  org.springframework.boot.test.context.SpringBootTestContextBootstrapper - Neither @ContextConfiguration nor @ContextHierarchy found for test class [com.penghk.fund.roboadvisor.RoboadvisorApplicationTests], using SpringBootContextLoader
2020-03-16 20:53:50.209 [main] INFO  org.springframework.test.context.support.AbstractContextLoader - Could not detect default resource locations for test class [com.penghk.fund.roboadvisor.RoboadvisorApplicationTests]: no resource found for suffixes {-context.xml, Context.groovy}.
2020-03-16 20:53:50.210 [main] INFO  org.springframework.test.context.support.AnnotationConfigContextLoaderUtils - Could not detect default configuration classes for test class [com.penghk.fund.roboadvisor.RoboadvisorApplicationTests]: RoboadvisorApplicationTests does not declare any static, non-private, non-final, nested classes annotated with @Configuration.
2020-03-16 20:53:50.357 [main] INFO  org.springframework.boot.test.context.SpringBootTestContextBootstrapper - Found @SpringBootConfiguration com.penghk.fund.roboadvisor.RoboadvisorApplication for test class com.penghk.fund.roboadvisor.RoboadvisorApplicationTests
2020-03-16 20:53:50.491 [main] INFO  org.springframework.boot.test.context.SpringBootTestContextBootstrapper - Loaded default TestExecutionListener class names from location [META-INF/spring.factories]: [org.springframework.boot.test.mock.mockito.MockitoTestExecutionListener, org.springframework.boot.test.mock.mockito.ResetMocksTestExecutionListener, org.springframework.boot.test.autoconfigure.restdocs.RestDocsTestExecutionListener, org.springframework.boot.test.autoconfigure.web.client.MockRestServiceServerResetTestExecutionListener, org.springframework.boot.test.autoconfigure.web.servlet.MockMvcPrintOnlyOnFailureTestExecutionListener, org.springframework.boot.test.autoconfigure.web.servlet.WebDriverTestExecutionListener, org.springframework.test.context.web.ServletTestExecutionListener, org.springframework.test.context.support.DirtiesContextBeforeModesTestExecutionListener, org.springframework.test.context.support.DependencyInjectionTestExecutionListener, org.springframework.test.context.support.DirtiesContextTestExecutionListener, org.springframework.test.context.transaction.TransactionalTestExecutionListener, org.springframework.test.context.jdbc.SqlScriptsTestExecutionListener, org.springframework.test.context.event.EventPublishingTestExecutionListener]
2020-03-16 20:53:50.513 [main] INFO  org.springframework.boot.test.context.SpringBootTestContextBootstrapper - Using TestExecutionListeners: [org.springframework.test.context.web.ServletTestExecutionListener@773f7880, org.springframework.test.context.support.DirtiesContextBeforeModesTestExecutionListener@878452d, org.springframework.boot.test.mock.mockito.MockitoTestExecutionListener@426b6a74, org.springframework.boot.test.autoconfigure.SpringBootDependencyInjectionTestExecutionListener@4c51bb7, org.springframework.test.context.support.DirtiesContextTestExecutionListener@83298d7, org.springframework.test.context.event.EventPublishingTestExecutionListener@42a9e5d1, org.springframework.boot.test.mock.mockito.ResetMocksTestExecutionListener@5b080f3a, org.springframework.boot.test.autoconfigure.restdocs.RestDocsTestExecutionListener@773cbf4f, org.springframework.boot.test.autoconfigure.web.client.MockRestServiceServerResetTestExecutionListener@6b54655f, org.springframework.boot.test.autoconfigure.web.servlet.MockMvcPrintOnlyOnFailureTestExecutionListener@665e9289, org.springframework.boot.test.autoconfigure.web.servlet.WebDriverTestExecutionListener@7d3430a7]
2020-03-16 20:54:11.060 [main] INFO  com.penghk.fund.roboadvisor.RoboadvisorApplicationTests - Starting RoboadvisorApplicationTests on penghangkongdeMacBook-Pro.local with PID 64654 (started by xmly in /Users/xmly/workspace/fund/roboadvisor)
2020-03-16 20:54:11.063 [main] INFO  com.penghk.fund.roboadvisor.RoboadvisorApplicationTests - No active profile set, falling back to default profiles: default
2020-03-16 20:54:12.907 [main] INFO  org.springframework.scheduling.concurrent.ThreadPoolTaskExecutor - Initializing ExecutorService 'applicationTaskExecutor'
2020-03-16 20:54:13.302 [main] INFO  org.springframework.scheduling.concurrent.ThreadPoolTaskScheduler - Initializing ExecutorService 'taskScheduler'
2020-03-16 20:54:13.364 [main] INFO  com.penghk.fund.roboadvisor.RoboadvisorApplicationTests - Started RoboadvisorApplicationTests in 22.781 seconds (JVM running for 24.183)
2020-03-16 20:54:13.723 [main] INFO  com.penghk.fund.roboadvisor.util.TushareUtils - request : {"api_name":"index_daily","fields":"ts_code,close,pct_chg","params":{"trade_date":"20200315","ts_code":"000300.SH"},"token":"f9e661b705630da6c6203efa6bfe39b20e8cad70b2ccb362a22b46e5"}
2020-03-16 20:55:06.179 [main] INFO  com.penghk.fund.roboadvisor.util.TushareUtils - get response : {"request_id": "3ced7eb0678511ea93cae335d8fdcc4b1584363253873039", "code": 0, "msg": "", "data": {"fields": ["ts_code", "close", "pct_chg"], "items": [], "has_more": false}}
2020-03-16 20:55:06.179 [scheduling-1] INFO  com.penghk.fund.roboadvisor.service.impl.WeekInvestServiceImpl - hello
2020-03-16 20:55:06.203 [SpringContextShutdownHook] INFO  org.springframework.scheduling.concurrent.ThreadPoolTaskScheduler - Shutting down ExecutorService 'taskScheduler'
2020-03-16 20:55:06.204 [SpringContextShutdownHook] INFO  org.springframework.scheduling.concurrent.ThreadPoolTaskExecutor - Shutting down ExecutorService 'applicationTaskExecutor'
2020-03-16 20:55:17.053 [main] INFO  org.springframework.boot.test.context.SpringBootTestContextBootstrapper - Neither @ContextConfiguration nor @ContextHierarchy found for test class [com.penghk.fund.roboadvisor.RoboadvisorApplicationTests], using SpringBootContextLoader
2020-03-16 20:55:17.067 [main] INFO  org.springframework.test.context.support.AbstractContextLoader - Could not detect default resource locations for test class [com.penghk.fund.roboadvisor.RoboadvisorApplicationTests]: no resource found for suffixes {-context.xml, Context.groovy}.
2020-03-16 20:55:17.068 [main] INFO  org.springframework.test.context.support.AnnotationConfigContextLoaderUtils - Could not detect default configuration classes for test class [com.penghk.fund.roboadvisor.RoboadvisorApplicationTests]: RoboadvisorApplicationTests does not declare any static, non-private, non-final, nested classes annotated with @Configuration.
2020-03-16 20:55:17.299 [main] INFO  org.springframework.boot.test.context.SpringBootTestContextBootstrapper - Found @SpringBootConfiguration com.penghk.fund.roboadvisor.RoboadvisorApplication for test class com.penghk.fund.roboadvisor.RoboadvisorApplicationTests
2020-03-16 20:55:17.449 [main] INFO  org.springframework.boot.test.context.SpringBootTestContextBootstrapper - Loaded default TestExecutionListener class names from location [META-INF/spring.factories]: [org.springframework.boot.test.mock.mockito.MockitoTestExecutionListener, org.springframework.boot.test.mock.mockito.ResetMocksTestExecutionListener, org.springframework.boot.test.autoconfigure.restdocs.RestDocsTestExecutionListener, org.springframework.boot.test.autoconfigure.web.client.MockRestServiceServerResetTestExecutionListener, org.springframework.boot.test.autoconfigure.web.servlet.MockMvcPrintOnlyOnFailureTestExecutionListener, org.springframework.boot.test.autoconfigure.web.servlet.WebDriverTestExecutionListener, org.springframework.test.context.web.ServletTestExecutionListener, org.springframework.test.context.support.DirtiesContextBeforeModesTestExecutionListener, org.springframework.test.context.support.DependencyInjectionTestExecutionListener, org.springframework.test.context.support.DirtiesContextTestExecutionListener, org.springframework.test.context.transaction.TransactionalTestExecutionListener, org.springframework.test.context.jdbc.SqlScriptsTestExecutionListener, org.springframework.test.context.event.EventPublishingTestExecutionListener]
2020-03-16 20:55:17.474 [main] INFO  org.springframework.boot.test.context.SpringBootTestContextBootstrapper - Using TestExecutionListeners: [org.springframework.test.context.web.ServletTestExecutionListener@773f7880, org.springframework.test.context.support.DirtiesContextBeforeModesTestExecutionListener@878452d, org.springframework.boot.test.mock.mockito.MockitoTestExecutionListener@426b6a74, org.springframework.boot.test.autoconfigure.SpringBootDependencyInjectionTestExecutionListener@4c51bb7, org.springframework.test.context.support.DirtiesContextTestExecutionListener@83298d7, org.springframework.test.context.event.EventPublishingTestExecutionListener@42a9e5d1, org.springframework.boot.test.mock.mockito.ResetMocksTestExecutionListener@5b080f3a, org.springframework.boot.test.autoconfigure.restdocs.RestDocsTestExecutionListener@773cbf4f, org.springframework.boot.test.autoconfigure.web.client.MockRestServiceServerResetTestExecutionListener@6b54655f, org.springframework.boot.test.autoconfigure.web.servlet.MockMvcPrintOnlyOnFailureTestExecutionListener@665e9289, org.springframework.boot.test.autoconfigure.web.servlet.WebDriverTestExecutionListener@7d3430a7]
2020-03-16 20:55:37.994 [main] INFO  com.penghk.fund.roboadvisor.RoboadvisorApplicationTests - Starting RoboadvisorApplicationTests on penghangkongdeMacBook-Pro.local with PID 64663 (started by xmly in /Users/xmly/workspace/fund/roboadvisor)
2020-03-16 20:55:37.995 [main] INFO  com.penghk.fund.roboadvisor.RoboadvisorApplicationTests - No active profile set, falling back to default profiles: default
2020-03-16 20:55:39.735 [main] INFO  org.springframework.scheduling.concurrent.ThreadPoolTaskExecutor - Initializing ExecutorService 'applicationTaskExecutor'
2020-03-16 20:55:40.029 [main] INFO  org.springframework.scheduling.concurrent.ThreadPoolTaskScheduler - Initializing ExecutorService 'taskScheduler'
2020-03-16 20:55:40.080 [main] INFO  com.penghk.fund.roboadvisor.RoboadvisorApplicationTests - Started RoboadvisorApplicationTests in 22.533 seconds (JVM running for 24.197)
2020-03-16 20:55:40.430 [main] INFO  com.penghk.fund.roboadvisor.util.TushareUtils - request : {"api_name":"index_daily","fields":"ts_code,close,pct_chg","params":{"trade_date":"20200315","ts_code":"000300.SH"},"token":"f9e661b705630da6c6203efa6bfe39b20e8cad70b2ccb362a22b46e5"}
2020-03-16 20:55:44.512 [main] INFO  com.penghk.fund.roboadvisor.util.TushareUtils - get response : {"request_id": "7099226e678511eabdf80935919862a91584363340561708", "code": 0, "msg": "", "data": {"fields": ["ts_code", "close", "pct_chg"], "items": [], "has_more": false}}
2020-03-16 20:55:44.554 [SpringContextShutdownHook] INFO  org.springframework.scheduling.concurrent.ThreadPoolTaskScheduler - Shutting down ExecutorService 'taskScheduler'
2020-03-16 20:55:44.556 [SpringContextShutdownHook] INFO  org.springframework.scheduling.concurrent.ThreadPoolTaskExecutor - Shutting down ExecutorService 'applicationTaskExecutor'
