2020-03-13 17:03:58.915 [restartedMain] INFO  com.penghk.fund.roboadvisor.RoboadvisorApplication - Starting RoboadvisorApplication on penghangkongdeMacBook-Pro.local with PID 60031 (/Users/xmly/workspace/roboadvisor/target/classes started by xmly in /Users/xmly/workspace/roboadvisor)
2020-03-13 17:03:58.916 [restartedMain] INFO  com.penghk.fund.roboadvisor.RoboadvisorApplication - No active profile set, falling back to default profiles: default
2020-03-13 17:03:58.958 [restartedMain] INFO  org.springframework.boot.devtools.env.DevToolsPropertyDefaultsPostProcessor - Devtools property defaults active! Set 'spring.devtools.add-properties' to 'false' to disable
2020-03-13 17:03:58.958 [restartedMain] INFO  org.springframework.boot.devtools.env.DevToolsPropertyDefaultsPostProcessor - For additional web related logging consider setting the 'logging.level.web' property to 'DEBUG'
2020-03-13 17:03:59.828 [restartedMain] INFO  org.springframework.boot.web.embedded.tomcat.TomcatWebServer - Tomcat initialized with port(s): 8080 (http)
2020-03-13 17:03:59.837 [restartedMain] INFO  org.apache.coyote.http11.Http11NioProtocol - Initializing ProtocolHandler ["http-nio-8080"]
2020-03-13 17:03:59.838 [restartedMain] INFO  org.apache.catalina.core.StandardService - Starting service [Tomcat]
2020-03-13 17:03:59.838 [restartedMain] INFO  org.apache.catalina.core.StandardEngine - Starting Servlet engine: [Apache Tomcat/9.0.31]
2020-03-13 17:03:59.908 [restartedMain] INFO  org.apache.catalina.core.ContainerBase.[Tomcat].[localhost].[/] - Initializing Spring embedded WebApplicationContext
2020-03-13 17:03:59.908 [restartedMain] INFO  org.springframework.web.context.ContextLoader - Root WebApplicationContext: initialization completed in 949 ms
2020-03-13 17:04:00.091 [restartedMain] INFO  org.springframework.scheduling.concurrent.ThreadPoolTaskExecutor - Initializing ExecutorService 'applicationTaskExecutor'
2020-03-13 17:04:00.243 [restartedMain] INFO  org.springframework.boot.devtools.autoconfigure.OptionalLiveReloadServer - LiveReload server is running on port 35729
2020-03-13 17:04:00.264 [restartedMain] INFO  org.apache.coyote.http11.Http11NioProtocol - Starting ProtocolHandler ["http-nio-8080"]
2020-03-13 17:04:00.305 [restartedMain] INFO  org.springframework.boot.web.embedded.tomcat.TomcatWebServer - Tomcat started on port(s): 8080 (http) with context path ''
2020-03-13 17:04:00.309 [restartedMain] INFO  com.penghk.fund.roboadvisor.RoboadvisorApplication - Started RoboadvisorApplication in 21.837 seconds (JVM running for 27.649)
2020-03-13 17:04:53.665 [SpringContextShutdownHook] INFO  org.springframework.scheduling.concurrent.ThreadPoolTaskExecutor - Shutting down ExecutorService 'applicationTaskExecutor'
2020-03-13 17:05:25.759 [restartedMain] INFO  com.penghk.fund.roboadvisor.RoboadvisorApplication - Starting RoboadvisorApplication on penghangkongdeMacBook-Pro.local with PID 60037 (/Users/xmly/workspace/roboadvisor/target/classes started by xmly in /Users/xmly/workspace/roboadvisor)
2020-03-13 17:05:25.760 [restartedMain] INFO  com.penghk.fund.roboadvisor.RoboadvisorApplication - No active profile set, falling back to default profiles: default
2020-03-13 17:05:25.802 [restartedMain] INFO  org.springframework.boot.devtools.env.DevToolsPropertyDefaultsPostProcessor - Devtools property defaults active! Set 'spring.devtools.add-properties' to 'false' to disable
2020-03-13 17:05:25.802 [restartedMain] INFO  org.springframework.boot.devtools.env.DevToolsPropertyDefaultsPostProcessor - For additional web related logging consider setting the 'logging.level.web' property to 'DEBUG'
2020-03-13 17:05:26.655 [restartedMain] INFO  org.springframework.boot.web.embedded.tomcat.TomcatWebServer - Tomcat initialized with port(s): 8080 (http)
2020-03-13 17:05:26.664 [restartedMain] INFO  org.apache.coyote.http11.Http11NioProtocol - Initializing ProtocolHandler ["http-nio-8080"]
2020-03-13 17:05:26.664 [restartedMain] INFO  org.apache.catalina.core.StandardService - Starting service [Tomcat]
2020-03-13 17:05:26.664 [restartedMain] INFO  org.apache.catalina.core.StandardEngine - Starting Servlet engine: [Apache Tomcat/9.0.31]
2020-03-13 17:05:26.726 [restartedMain] INFO  org.apache.catalina.core.ContainerBase.[Tomcat].[localhost].[/] - Initializing Spring embedded WebApplicationContext
2020-03-13 17:05:26.726 [restartedMain] INFO  org.springframework.web.context.ContextLoader - Root WebApplicationContext: initialization completed in 924 ms
2020-03-13 17:05:26.911 [restartedMain] INFO  org.springframework.scheduling.concurrent.ThreadPoolTaskExecutor - Initializing ExecutorService 'applicationTaskExecutor'
2020-03-13 17:05:27.066 [restartedMain] INFO  org.springframework.boot.devtools.autoconfigure.OptionalLiveReloadServer - LiveReload server is running on port 35729
2020-03-13 17:05:27.085 [restartedMain] INFO  org.apache.coyote.http11.Http11NioProtocol - Starting ProtocolHandler ["http-nio-8080"]
2020-03-13 17:05:27.120 [restartedMain] INFO  org.springframework.boot.web.embedded.tomcat.TomcatWebServer - Tomcat started on port(s): 8080 (http) with context path ''
2020-03-13 17:05:27.125 [restartedMain] INFO  com.penghk.fund.roboadvisor.RoboadvisorApplication - Started RoboadvisorApplication in 21.789 seconds (JVM running for 27.708)
2020-03-13 17:06:22.241 [SpringContextShutdownHook] INFO  org.springframework.scheduling.concurrent.ThreadPoolTaskExecutor - Shutting down ExecutorService 'applicationTaskExecutor'
2020-03-13 17:06:55.135 [restartedMain] INFO  com.penghk.fund.roboadvisor.RoboadvisorApplication - Starting RoboadvisorApplication on penghangkongdeMacBook-Pro.local with PID 60041 (/Users/xmly/workspace/roboadvisor/target/classes started by xmly in /Users/xmly/workspace/roboadvisor)
2020-03-13 17:06:55.137 [restartedMain] INFO  com.penghk.fund.roboadvisor.RoboadvisorApplication - No active profile set, falling back to default profiles: default
2020-03-13 17:06:55.181 [restartedMain] INFO  org.springframework.boot.devtools.env.DevToolsPropertyDefaultsPostProcessor - Devtools property defaults active! Set 'spring.devtools.add-properties' to 'false' to disable
2020-03-13 17:06:55.182 [restartedMain] INFO  org.springframework.boot.devtools.env.DevToolsPropertyDefaultsPostProcessor - For additional web related logging consider setting the 'logging.level.web' property to 'DEBUG'
2020-03-13 17:06:56.006 [restartedMain] INFO  org.springframework.boot.web.embedded.tomcat.TomcatWebServer - Tomcat initialized with port(s): 8080 (http)
2020-03-13 17:06:56.020 [restartedMain] INFO  org.apache.coyote.http11.Http11NioProtocol - Initializing ProtocolHandler ["http-nio-8080"]
2020-03-13 17:06:56.021 [restartedMain] INFO  org.apache.catalina.core.StandardService - Starting service [Tomcat]
2020-03-13 17:06:56.021 [restartedMain] INFO  org.apache.catalina.core.StandardEngine - Starting Servlet engine: [Apache Tomcat/9.0.31]
2020-03-13 17:06:56.091 [restartedMain] INFO  org.apache.catalina.core.ContainerBase.[Tomcat].[localhost].[/] - Initializing Spring embedded WebApplicationContext
2020-03-13 17:06:56.092 [restartedMain] INFO  org.springframework.web.context.ContextLoader - Root WebApplicationContext: initialization completed in 910 ms
2020-03-13 17:06:56.284 [restartedMain] INFO  org.springframework.scheduling.concurrent.ThreadPoolTaskExecutor - Initializing ExecutorService 'applicationTaskExecutor'
2020-03-13 17:06:56.426 [restartedMain] INFO  org.springframework.boot.devtools.autoconfigure.OptionalLiveReloadServer - LiveReload server is running on port 35729
2020-03-13 17:06:56.449 [restartedMain] INFO  org.apache.coyote.http11.Http11NioProtocol - Starting ProtocolHandler ["http-nio-8080"]
2020-03-13 17:06:56.482 [restartedMain] INFO  org.springframework.boot.web.embedded.tomcat.TomcatWebServer - Tomcat started on port(s): 8080 (http) with context path ''
2020-03-13 17:06:56.486 [restartedMain] INFO  com.penghk.fund.roboadvisor.RoboadvisorApplication - Started RoboadvisorApplication in 21.769 seconds (JVM running for 27.646)
2020-03-13 17:15:03.129 [SpringContextShutdownHook] INFO  org.springframework.scheduling.concurrent.ThreadPoolTaskExecutor - Shutting down ExecutorService 'applicationTaskExecutor'
2020-03-13 17:29:56.528 [restartedMain] INFO  com.penghk.fund.roboadvisor.RoboadvisorApplication - Starting RoboadvisorApplication on penghangkongdeMacBook-Pro.local with PID 61654 (/Users/xmly/workspace/fund/roboadvisor/target/classes started by xmly in /Users/xmly/workspace/fund/roboadvisor)
2020-03-13 17:29:56.532 [restartedMain] INFO  com.penghk.fund.roboadvisor.RoboadvisorApplication - No active profile set, falling back to default profiles: default
2020-03-13 17:29:56.588 [restartedMain] INFO  org.springframework.boot.devtools.env.DevToolsPropertyDefaultsPostProcessor - Devtools property defaults active! Set 'spring.devtools.add-properties' to 'false' to disable
2020-03-13 17:29:56.588 [restartedMain] INFO  org.springframework.boot.devtools.env.DevToolsPropertyDefaultsPostProcessor - For additional web related logging consider setting the 'logging.level.web' property to 'DEBUG'
2020-03-13 17:29:57.722 [restartedMain] INFO  org.springframework.boot.web.embedded.tomcat.TomcatWebServer - Tomcat initialized with port(s): 8080 (http)
2020-03-13 17:29:57.732 [restartedMain] INFO  org.apache.coyote.http11.Http11NioProtocol - Initializing ProtocolHandler ["http-nio-8080"]
2020-03-13 17:29:57.733 [restartedMain] INFO  org.apache.catalina.core.StandardService - Starting service [Tomcat]
2020-03-13 17:29:57.733 [restartedMain] INFO  org.apache.catalina.core.StandardEngine - Starting Servlet engine: [Apache Tomcat/9.0.31]
2020-03-13 17:29:57.842 [restartedMain] INFO  org.apache.catalina.core.ContainerBase.[Tomcat].[localhost].[/] - Initializing Spring embedded WebApplicationContext
2020-03-13 17:29:57.842 [restartedMain] INFO  org.springframework.web.context.ContextLoader - Root WebApplicationContext: initialization completed in 1254 ms
2020-03-13 17:29:58.081 [restartedMain] INFO  org.springframework.scheduling.concurrent.ThreadPoolTaskExecutor - Initializing ExecutorService 'applicationTaskExecutor'
2020-03-13 17:29:58.245 [restartedMain] INFO  org.springframework.scheduling.concurrent.ThreadPoolTaskScheduler - Initializing ExecutorService 'taskScheduler'
2020-03-13 17:29:58.269 [restartedMain] INFO  org.springframework.boot.devtools.autoconfigure.OptionalLiveReloadServer - LiveReload server is running on port 35729
2020-03-13 17:29:58.322 [restartedMain] INFO  org.apache.coyote.http11.Http11NioProtocol - Starting ProtocolHandler ["http-nio-8080"]
2020-03-13 17:29:58.360 [restartedMain] INFO  org.springframework.boot.web.embedded.tomcat.TomcatWebServer - Tomcat started on port(s): 8080 (http) with context path ''
2020-03-13 17:29:58.364 [restartedMain] INFO  com.penghk.fund.roboadvisor.RoboadvisorApplication - Started RoboadvisorApplication in 22.371 seconds (JVM running for 29.003)
2020-03-13 17:30:00.024 [scheduling-1] INFO  com.penghk.fund.roboadvisor.service.impl.WeekInvestServiceImpl - hello
2020-03-13 17:30:30.000 [scheduling-1] INFO  com.penghk.fund.roboadvisor.service.impl.WeekInvestServiceImpl - hello
2020-03-13 17:31:00.001 [scheduling-1] INFO  com.penghk.fund.roboadvisor.service.impl.WeekInvestServiceImpl - hello
2020-03-13 17:31:30.003 [scheduling-1] INFO  com.penghk.fund.roboadvisor.service.impl.WeekInvestServiceImpl - hello
2020-03-13 17:32:00.005 [scheduling-1] INFO  com.penghk.fund.roboadvisor.service.impl.WeekInvestServiceImpl - hello
2020-03-13 17:32:30.000 [scheduling-1] INFO  com.penghk.fund.roboadvisor.service.impl.WeekInvestServiceImpl - hello
2020-03-13 17:33:00.002 [scheduling-1] INFO  com.penghk.fund.roboadvisor.service.impl.WeekInvestServiceImpl - hello
2020-03-13 17:33:30.005 [scheduling-1] INFO  com.penghk.fund.roboadvisor.service.impl.WeekInvestServiceImpl - hello
2020-03-13 17:34:00.002 [scheduling-1] INFO  com.penghk.fund.roboadvisor.service.impl.WeekInvestServiceImpl - hello
2020-03-13 17:34:30.005 [scheduling-1] INFO  com.penghk.fund.roboadvisor.service.impl.WeekInvestServiceImpl - hello
2020-03-13 17:35:00.002 [scheduling-1] INFO  com.penghk.fund.roboadvisor.service.impl.WeekInvestServiceImpl - hello
2020-03-13 17:35:30.003 [scheduling-1] INFO  com.penghk.fund.roboadvisor.service.impl.WeekInvestServiceImpl - hello
2020-03-13 17:36:00.003 [scheduling-1] INFO  com.penghk.fund.roboadvisor.service.impl.WeekInvestServiceImpl - hello
2020-03-13 17:36:30.003 [scheduling-1] INFO  com.penghk.fund.roboadvisor.service.impl.WeekInvestServiceImpl - hello
2020-03-13 17:37:00.001 [scheduling-1] INFO  com.penghk.fund.roboadvisor.service.impl.WeekInvestServiceImpl - hello
2020-03-13 17:37:30.003 [scheduling-1] INFO  com.penghk.fund.roboadvisor.service.impl.WeekInvestServiceImpl - hello
2020-03-13 17:38:00.001 [scheduling-1] INFO  com.penghk.fund.roboadvisor.service.impl.WeekInvestServiceImpl - hello
2020-03-13 17:38:30.003 [scheduling-1] INFO  com.penghk.fund.roboadvisor.service.impl.WeekInvestServiceImpl - hello
2020-03-13 17:39:00.003 [scheduling-1] INFO  com.penghk.fund.roboadvisor.service.impl.WeekInvestServiceImpl - hello
2020-03-13 17:39:30.002 [scheduling-1] INFO  com.penghk.fund.roboadvisor.service.impl.WeekInvestServiceImpl - hello
2020-03-13 17:40:00.004 [scheduling-1] INFO  com.penghk.fund.roboadvisor.service.impl.WeekInvestServiceImpl - hello
2020-03-13 17:40:30.004 [scheduling-1] INFO  com.penghk.fund.roboadvisor.service.impl.WeekInvestServiceImpl - hello
2020-03-13 17:41:00.002 [scheduling-1] INFO  com.penghk.fund.roboadvisor.service.impl.WeekInvestServiceImpl - hello
2020-03-13 17:41:30.000 [scheduling-1] INFO  com.penghk.fund.roboadvisor.service.impl.WeekInvestServiceImpl - hello
2020-03-13 17:42:00.003 [scheduling-1] INFO  com.penghk.fund.roboadvisor.service.impl.WeekInvestServiceImpl - hello
2020-03-13 17:42:30.004 [scheduling-1] INFO  com.penghk.fund.roboadvisor.service.impl.WeekInvestServiceImpl - hello
2020-03-13 17:43:00.006 [scheduling-1] INFO  com.penghk.fund.roboadvisor.service.impl.WeekInvestServiceImpl - hello
2020-03-13 17:43:30.005 [scheduling-1] INFO  com.penghk.fund.roboadvisor.service.impl.WeekInvestServiceImpl - hello
2020-03-13 17:44:00.002 [scheduling-1] INFO  com.penghk.fund.roboadvisor.service.impl.WeekInvestServiceImpl - hello
2020-03-13 17:44:30.001 [scheduling-1] INFO  com.penghk.fund.roboadvisor.service.impl.WeekInvestServiceImpl - hello
2020-03-13 17:45:00.004 [scheduling-1] INFO  com.penghk.fund.roboadvisor.service.impl.WeekInvestServiceImpl - hello
2020-03-13 17:45:30.004 [scheduling-1] INFO  com.penghk.fund.roboadvisor.service.impl.WeekInvestServiceImpl - hello
2020-03-13 17:46:00.001 [scheduling-1] INFO  com.penghk.fund.roboadvisor.service.impl.WeekInvestServiceImpl - hello
2020-03-13 17:46:30.004 [scheduling-1] INFO  com.penghk.fund.roboadvisor.service.impl.WeekInvestServiceImpl - hello
2020-03-13 17:47:00.001 [scheduling-1] INFO  com.penghk.fund.roboadvisor.service.impl.WeekInvestServiceImpl - hello
2020-03-13 17:47:30.001 [scheduling-1] INFO  com.penghk.fund.roboadvisor.service.impl.WeekInvestServiceImpl - hello
2020-03-13 17:48:00.004 [scheduling-1] INFO  com.penghk.fund.roboadvisor.service.impl.WeekInvestServiceImpl - hello
2020-03-13 17:48:30.001 [scheduling-1] INFO  com.penghk.fund.roboadvisor.service.impl.WeekInvestServiceImpl - hello
2020-03-13 17:49:00.001 [scheduling-1] INFO  com.penghk.fund.roboadvisor.service.impl.WeekInvestServiceImpl - hello
2020-03-13 17:49:30.004 [scheduling-1] INFO  com.penghk.fund.roboadvisor.service.impl.WeekInvestServiceImpl - hello
2020-03-13 17:50:00.004 [scheduling-1] INFO  com.penghk.fund.roboadvisor.service.impl.WeekInvestServiceImpl - hello
2020-03-13 17:50:30.001 [scheduling-1] INFO  com.penghk.fund.roboadvisor.service.impl.WeekInvestServiceImpl - hello
2020-03-13 17:51:00.003 [scheduling-1] INFO  com.penghk.fund.roboadvisor.service.impl.WeekInvestServiceImpl - hello
2020-03-13 17:51:30.003 [scheduling-1] INFO  com.penghk.fund.roboadvisor.service.impl.WeekInvestServiceImpl - hello
2020-03-13 17:52:00.001 [scheduling-1] INFO  com.penghk.fund.roboadvisor.service.impl.WeekInvestServiceImpl - hello
2020-03-13 17:52:30.006 [scheduling-1] INFO  com.penghk.fund.roboadvisor.service.impl.WeekInvestServiceImpl - hello
2020-03-13 17:53:00.003 [scheduling-1] INFO  com.penghk.fund.roboadvisor.service.impl.WeekInvestServiceImpl - hello
2020-03-13 17:53:30.004 [scheduling-1] INFO  com.penghk.fund.roboadvisor.service.impl.WeekInvestServiceImpl - hello
2020-03-13 17:54:00.001 [scheduling-1] INFO  com.penghk.fund.roboadvisor.service.impl.WeekInvestServiceImpl - hello
2020-03-13 17:54:30.006 [scheduling-1] INFO  com.penghk.fund.roboadvisor.service.impl.WeekInvestServiceImpl - hello
2020-03-13 17:55:00.002 [scheduling-1] INFO  com.penghk.fund.roboadvisor.service.impl.WeekInvestServiceImpl - hello
2020-03-13 17:55:30.006 [scheduling-1] INFO  com.penghk.fund.roboadvisor.service.impl.WeekInvestServiceImpl - hello
2020-03-13 17:56:00.001 [scheduling-1] INFO  com.penghk.fund.roboadvisor.service.impl.WeekInvestServiceImpl - hello
2020-03-13 17:56:30.004 [scheduling-1] INFO  com.penghk.fund.roboadvisor.service.impl.WeekInvestServiceImpl - hello
2020-03-13 17:57:00.001 [scheduling-1] INFO  com.penghk.fund.roboadvisor.service.impl.WeekInvestServiceImpl - hello
2020-03-13 17:57:30.003 [scheduling-1] INFO  com.penghk.fund.roboadvisor.service.impl.WeekInvestServiceImpl - hello
2020-03-13 17:58:00.001 [scheduling-1] INFO  com.penghk.fund.roboadvisor.service.impl.WeekInvestServiceImpl - hello
2020-03-13 17:58:30.004 [scheduling-1] INFO  com.penghk.fund.roboadvisor.service.impl.WeekInvestServiceImpl - hello
2020-03-13 17:59:00.001 [scheduling-1] INFO  com.penghk.fund.roboadvisor.service.impl.WeekInvestServiceImpl - hello
2020-03-13 17:59:30.002 [scheduling-1] INFO  com.penghk.fund.roboadvisor.service.impl.WeekInvestServiceImpl - hello
2020-03-13 18:00:00.002 [scheduling-1] INFO  com.penghk.fund.roboadvisor.service.impl.WeekInvestServiceImpl - hello
2020-03-13 18:00:30.002 [scheduling-1] INFO  com.penghk.fund.roboadvisor.service.impl.WeekInvestServiceImpl - hello
2020-03-13 18:01:00.004 [scheduling-1] INFO  com.penghk.fund.roboadvisor.service.impl.WeekInvestServiceImpl - hello
2020-03-13 18:01:30.003 [scheduling-1] INFO  com.penghk.fund.roboadvisor.service.impl.WeekInvestServiceImpl - hello
2020-03-13 18:02:00.004 [scheduling-1] INFO  com.penghk.fund.roboadvisor.service.impl.WeekInvestServiceImpl - hello
2020-03-13 18:02:30.006 [scheduling-1] INFO  com.penghk.fund.roboadvisor.service.impl.WeekInvestServiceImpl - hello
2020-03-13 18:03:00.003 [scheduling-1] INFO  com.penghk.fund.roboadvisor.service.impl.WeekInvestServiceImpl - hello
2020-03-13 18:03:30.005 [scheduling-1] INFO  com.penghk.fund.roboadvisor.service.impl.WeekInvestServiceImpl - hello
2020-03-13 18:04:00.004 [scheduling-1] INFO  com.penghk.fund.roboadvisor.service.impl.WeekInvestServiceImpl - hello
2020-03-13 18:04:30.004 [scheduling-1] INFO  com.penghk.fund.roboadvisor.service.impl.WeekInvestServiceImpl - hello
2020-03-13 18:05:00.003 [scheduling-1] INFO  com.penghk.fund.roboadvisor.service.impl.WeekInvestServiceImpl - hello
2020-03-13 18:05:30.005 [scheduling-1] INFO  com.penghk.fund.roboadvisor.service.impl.WeekInvestServiceImpl - hello
2020-03-13 18:06:00.004 [scheduling-1] INFO  com.penghk.fund.roboadvisor.service.impl.WeekInvestServiceImpl - hello
2020-03-13 18:06:30.002 [scheduling-1] INFO  com.penghk.fund.roboadvisor.service.impl.WeekInvestServiceImpl - hello
2020-03-13 18:07:00.005 [scheduling-1] INFO  com.penghk.fund.roboadvisor.service.impl.WeekInvestServiceImpl - hello
2020-03-13 18:07:30.005 [scheduling-1] INFO  com.penghk.fund.roboadvisor.service.impl.WeekInvestServiceImpl - hello
2020-03-13 18:08:00.004 [scheduling-1] INFO  com.penghk.fund.roboadvisor.service.impl.WeekInvestServiceImpl - hello
2020-03-13 18:08:30.007 [scheduling-1] INFO  com.penghk.fund.roboadvisor.service.impl.WeekInvestServiceImpl - hello
2020-03-13 18:09:00.002 [scheduling-1] INFO  com.penghk.fund.roboadvisor.service.impl.WeekInvestServiceImpl - hello
2020-03-13 18:09:30.004 [scheduling-1] INFO  com.penghk.fund.roboadvisor.service.impl.WeekInvestServiceImpl - hello
2020-03-13 18:10:00.008 [scheduling-1] INFO  com.penghk.fund.roboadvisor.service.impl.WeekInvestServiceImpl - hello
2020-03-13 18:10:30.005 [scheduling-1] INFO  com.penghk.fund.roboadvisor.service.impl.WeekInvestServiceImpl - hello
2020-03-13 18:11:00.004 [scheduling-1] INFO  com.penghk.fund.roboadvisor.service.impl.WeekInvestServiceImpl - hello
2020-03-13 18:11:30.003 [scheduling-1] INFO  com.penghk.fund.roboadvisor.service.impl.WeekInvestServiceImpl - hello
2020-03-13 18:12:00.004 [scheduling-1] INFO  com.penghk.fund.roboadvisor.service.impl.WeekInvestServiceImpl - hello
2020-03-13 18:12:30.005 [scheduling-1] INFO  com.penghk.fund.roboadvisor.service.impl.WeekInvestServiceImpl - hello
2020-03-13 18:13:00.004 [scheduling-1] INFO  com.penghk.fund.roboadvisor.service.impl.WeekInvestServiceImpl - hello
2020-03-13 18:13:30.003 [scheduling-1] INFO  com.penghk.fund.roboadvisor.service.impl.WeekInvestServiceImpl - hello
2020-03-13 18:14:00.000 [scheduling-1] INFO  com.penghk.fund.roboadvisor.service.impl.WeekInvestServiceImpl - hello
2020-03-13 18:14:30.006 [scheduling-1] INFO  com.penghk.fund.roboadvisor.service.impl.WeekInvestServiceImpl - hello
2020-03-13 18:15:00.004 [scheduling-1] INFO  com.penghk.fund.roboadvisor.service.impl.WeekInvestServiceImpl - hello
2020-03-13 18:15:30.005 [scheduling-1] INFO  com.penghk.fund.roboadvisor.service.impl.WeekInvestServiceImpl - hello
2020-03-13 18:16:00.004 [scheduling-1] INFO  com.penghk.fund.roboadvisor.service.impl.WeekInvestServiceImpl - hello
2020-03-13 18:16:30.004 [scheduling-1] INFO  com.penghk.fund.roboadvisor.service.impl.WeekInvestServiceImpl - hello
2020-03-13 18:17:00.006 [scheduling-1] INFO  com.penghk.fund.roboadvisor.service.impl.WeekInvestServiceImpl - hello
2020-03-13 18:17:30.005 [scheduling-1] INFO  com.penghk.fund.roboadvisor.service.impl.WeekInvestServiceImpl - hello
2020-03-13 18:18:00.001 [scheduling-1] INFO  com.penghk.fund.roboadvisor.service.impl.WeekInvestServiceImpl - hello
2020-03-13 18:18:30.002 [scheduling-1] INFO  com.penghk.fund.roboadvisor.service.impl.WeekInvestServiceImpl - hello
2020-03-13 18:19:00.003 [scheduling-1] INFO  com.penghk.fund.roboadvisor.service.impl.WeekInvestServiceImpl - hello
2020-03-13 18:19:30.001 [scheduling-1] INFO  com.penghk.fund.roboadvisor.service.impl.WeekInvestServiceImpl - hello
2020-03-13 18:20:00.001 [scheduling-1] INFO  com.penghk.fund.roboadvisor.service.impl.WeekInvestServiceImpl - hello
2020-03-13 18:20:30.005 [scheduling-1] INFO  com.penghk.fund.roboadvisor.service.impl.WeekInvestServiceImpl - hello
2020-03-13 18:21:00.001 [scheduling-1] INFO  com.penghk.fund.roboadvisor.service.impl.WeekInvestServiceImpl - hello
2020-03-13 18:21:30.005 [scheduling-1] INFO  com.penghk.fund.roboadvisor.service.impl.WeekInvestServiceImpl - hello
2020-03-13 18:22:00.001 [scheduling-1] INFO  com.penghk.fund.roboadvisor.service.impl.WeekInvestServiceImpl - hello
2020-03-13 18:22:30.001 [scheduling-1] INFO  com.penghk.fund.roboadvisor.service.impl.WeekInvestServiceImpl - hello
2020-03-13 18:23:00.001 [scheduling-1] INFO  com.penghk.fund.roboadvisor.service.impl.WeekInvestServiceImpl - hello
2020-03-13 18:23:30.002 [scheduling-1] INFO  com.penghk.fund.roboadvisor.service.impl.WeekInvestServiceImpl - hello
2020-03-13 18:24:00.001 [scheduling-1] INFO  com.penghk.fund.roboadvisor.service.impl.WeekInvestServiceImpl - hello
2020-03-13 18:24:30.003 [scheduling-1] INFO  com.penghk.fund.roboadvisor.service.impl.WeekInvestServiceImpl - hello
2020-03-13 18:25:00.001 [scheduling-1] INFO  com.penghk.fund.roboadvisor.service.impl.WeekInvestServiceImpl - hello
2020-03-13 18:25:30.004 [scheduling-1] INFO  com.penghk.fund.roboadvisor.service.impl.WeekInvestServiceImpl - hello
2020-03-13 18:26:00.001 [scheduling-1] INFO  com.penghk.fund.roboadvisor.service.impl.WeekInvestServiceImpl - hello
2020-03-13 18:26:30.005 [scheduling-1] INFO  com.penghk.fund.roboadvisor.service.impl.WeekInvestServiceImpl - hello
2020-03-13 18:27:00.001 [scheduling-1] INFO  com.penghk.fund.roboadvisor.service.impl.WeekInvestServiceImpl - hello
2020-03-13 18:27:30.002 [scheduling-1] INFO  com.penghk.fund.roboadvisor.service.impl.WeekInvestServiceImpl - hello
2020-03-13 18:28:00.001 [scheduling-1] INFO  com.penghk.fund.roboadvisor.service.impl.WeekInvestServiceImpl - hello
2020-03-13 18:28:30.002 [scheduling-1] INFO  com.penghk.fund.roboadvisor.service.impl.WeekInvestServiceImpl - hello
2020-03-13 18:29:00.001 [scheduling-1] INFO  com.penghk.fund.roboadvisor.service.impl.WeekInvestServiceImpl - hello
2020-03-13 18:29:30.004 [scheduling-1] INFO  com.penghk.fund.roboadvisor.service.impl.WeekInvestServiceImpl - hello
2020-03-13 18:30:00.002 [scheduling-1] INFO  com.penghk.fund.roboadvisor.service.impl.WeekInvestServiceImpl - hello
2020-03-13 18:30:30.002 [scheduling-1] INFO  com.penghk.fund.roboadvisor.service.impl.WeekInvestServiceImpl - hello
2020-03-13 18:31:00.003 [scheduling-1] INFO  com.penghk.fund.roboadvisor.service.impl.WeekInvestServiceImpl - hello
2020-03-13 18:31:30.001 [scheduling-1] INFO  com.penghk.fund.roboadvisor.service.impl.WeekInvestServiceImpl - hello
2020-03-13 18:32:00.002 [scheduling-1] INFO  com.penghk.fund.roboadvisor.service.impl.WeekInvestServiceImpl - hello
2020-03-13 18:32:30.002 [scheduling-1] INFO  com.penghk.fund.roboadvisor.service.impl.WeekInvestServiceImpl - hello
2020-03-13 18:33:00.000 [scheduling-1] INFO  com.penghk.fund.roboadvisor.service.impl.WeekInvestServiceImpl - hello
2020-03-13 18:33:30.000 [scheduling-1] INFO  com.penghk.fund.roboadvisor.service.impl.WeekInvestServiceImpl - hello
2020-03-13 18:34:00.004 [scheduling-1] INFO  com.penghk.fund.roboadvisor.service.impl.WeekInvestServiceImpl - hello
2020-03-13 18:34:30.001 [scheduling-1] INFO  com.penghk.fund.roboadvisor.service.impl.WeekInvestServiceImpl - hello
2020-03-13 18:35:00.004 [scheduling-1] INFO  com.penghk.fund.roboadvisor.service.impl.WeekInvestServiceImpl - hello
2020-03-13 18:35:30.003 [scheduling-1] INFO  com.penghk.fund.roboadvisor.service.impl.WeekInvestServiceImpl - hello
2020-03-13 18:36:00.000 [scheduling-1] INFO  com.penghk.fund.roboadvisor.service.impl.WeekInvestServiceImpl - hello
2020-03-13 18:36:30.005 [scheduling-1] INFO  com.penghk.fund.roboadvisor.service.impl.WeekInvestServiceImpl - hello
2020-03-13 18:37:00.002 [scheduling-1] INFO  com.penghk.fund.roboadvisor.service.impl.WeekInvestServiceImpl - hello
2020-03-13 18:37:30.005 [scheduling-1] INFO  com.penghk.fund.roboadvisor.service.impl.WeekInvestServiceImpl - hello
2020-03-13 18:38:00.001 [scheduling-1] INFO  com.penghk.fund.roboadvisor.service.impl.WeekInvestServiceImpl - hello
2020-03-13 18:38:30.004 [scheduling-1] INFO  com.penghk.fund.roboadvisor.service.impl.WeekInvestServiceImpl - hello
2020-03-13 18:39:00.005 [scheduling-1] INFO  com.penghk.fund.roboadvisor.service.impl.WeekInvestServiceImpl - hello
2020-03-13 18:39:30.001 [scheduling-1] INFO  com.penghk.fund.roboadvisor.service.impl.WeekInvestServiceImpl - hello
2020-03-13 18:40:00.001 [scheduling-1] INFO  com.penghk.fund.roboadvisor.service.impl.WeekInvestServiceImpl - hello
2020-03-13 18:40:30.001 [scheduling-1] INFO  com.penghk.fund.roboadvisor.service.impl.WeekInvestServiceImpl - hello
2020-03-13 18:41:00.001 [scheduling-1] INFO  com.penghk.fund.roboadvisor.service.impl.WeekInvestServiceImpl - hello
2020-03-13 18:41:30.003 [scheduling-1] INFO  com.penghk.fund.roboadvisor.service.impl.WeekInvestServiceImpl - hello
2020-03-13 18:42:00.002 [scheduling-1] INFO  com.penghk.fund.roboadvisor.service.impl.WeekInvestServiceImpl - hello
2020-03-13 18:42:30.001 [scheduling-1] INFO  com.penghk.fund.roboadvisor.service.impl.WeekInvestServiceImpl - hello
2020-03-13 18:43:00.001 [scheduling-1] INFO  com.penghk.fund.roboadvisor.service.impl.WeekInvestServiceImpl - hello
2020-03-13 18:43:30.002 [scheduling-1] INFO  com.penghk.fund.roboadvisor.service.impl.WeekInvestServiceImpl - hello
2020-03-13 18:44:00.002 [scheduling-1] INFO  com.penghk.fund.roboadvisor.service.impl.WeekInvestServiceImpl - hello
2020-03-13 18:44:30.004 [scheduling-1] INFO  com.penghk.fund.roboadvisor.service.impl.WeekInvestServiceImpl - hello
2020-03-13 18:45:00.002 [scheduling-1] INFO  com.penghk.fund.roboadvisor.service.impl.WeekInvestServiceImpl - hello
2020-03-13 18:45:30.002 [scheduling-1] INFO  com.penghk.fund.roboadvisor.service.impl.WeekInvestServiceImpl - hello
2020-03-13 18:46:00.002 [scheduling-1] INFO  com.penghk.fund.roboadvisor.service.impl.WeekInvestServiceImpl - hello
2020-03-13 18:46:30.007 [scheduling-1] INFO  com.penghk.fund.roboadvisor.service.impl.WeekInvestServiceImpl - hello
2020-03-13 18:47:00.003 [scheduling-1] INFO  com.penghk.fund.roboadvisor.service.impl.WeekInvestServiceImpl - hello
2020-03-13 18:47:30.003 [scheduling-1] INFO  com.penghk.fund.roboadvisor.service.impl.WeekInvestServiceImpl - hello
2020-03-13 18:48:00.004 [scheduling-1] INFO  com.penghk.fund.roboadvisor.service.impl.WeekInvestServiceImpl - hello
2020-03-13 18:48:30.004 [scheduling-1] INFO  com.penghk.fund.roboadvisor.service.impl.WeekInvestServiceImpl - hello
2020-03-13 18:49:00.004 [scheduling-1] INFO  com.penghk.fund.roboadvisor.service.impl.WeekInvestServiceImpl - hello
2020-03-13 18:49:30.008 [scheduling-1] INFO  com.penghk.fund.roboadvisor.service.impl.WeekInvestServiceImpl - hello
2020-03-13 18:50:00.008 [scheduling-1] INFO  com.penghk.fund.roboadvisor.service.impl.WeekInvestServiceImpl - hello
2020-03-13 18:50:30.006 [scheduling-1] INFO  com.penghk.fund.roboadvisor.service.impl.WeekInvestServiceImpl - hello
2020-03-13 18:51:00.002 [scheduling-1] INFO  com.penghk.fund.roboadvisor.service.impl.WeekInvestServiceImpl - hello
2020-03-13 18:51:30.008 [scheduling-1] INFO  com.penghk.fund.roboadvisor.service.impl.WeekInvestServiceImpl - hello
2020-03-13 18:52:00.009 [scheduling-1] INFO  com.penghk.fund.roboadvisor.service.impl.WeekInvestServiceImpl - hello
2020-03-13 18:52:30.008 [scheduling-1] INFO  com.penghk.fund.roboadvisor.service.impl.WeekInvestServiceImpl - hello
2020-03-13 18:53:00.002 [scheduling-1] INFO  com.penghk.fund.roboadvisor.service.impl.WeekInvestServiceImpl - hello
2020-03-13 18:53:30.007 [scheduling-1] INFO  com.penghk.fund.roboadvisor.service.impl.WeekInvestServiceImpl - hello
2020-03-13 18:54:00.008 [scheduling-1] INFO  com.penghk.fund.roboadvisor.service.impl.WeekInvestServiceImpl - hello
2020-03-13 18:54:30.005 [scheduling-1] INFO  com.penghk.fund.roboadvisor.service.impl.WeekInvestServiceImpl - hello
2020-03-13 18:55:00.002 [scheduling-1] INFO  com.penghk.fund.roboadvisor.service.impl.WeekInvestServiceImpl - hello
2020-03-13 18:55:30.003 [scheduling-1] INFO  com.penghk.fund.roboadvisor.service.impl.WeekInvestServiceImpl - hello
2020-03-13 18:56:00.001 [scheduling-1] INFO  com.penghk.fund.roboadvisor.service.impl.WeekInvestServiceImpl - hello
2020-03-13 18:56:30.003 [scheduling-1] INFO  com.penghk.fund.roboadvisor.service.impl.WeekInvestServiceImpl - hello
2020-03-13 18:57:00.001 [scheduling-1] INFO  com.penghk.fund.roboadvisor.service.impl.WeekInvestServiceImpl - hello
2020-03-13 18:57:30.002 [scheduling-1] INFO  com.penghk.fund.roboadvisor.service.impl.WeekInvestServiceImpl - hello
2020-03-13 18:58:00.001 [scheduling-1] INFO  com.penghk.fund.roboadvisor.service.impl.WeekInvestServiceImpl - hello
2020-03-13 18:58:30.005 [scheduling-1] INFO  com.penghk.fund.roboadvisor.service.impl.WeekInvestServiceImpl - hello
2020-03-13 18:59:00.001 [scheduling-1] INFO  com.penghk.fund.roboadvisor.service.impl.WeekInvestServiceImpl - hello
2020-03-13 18:59:30.002 [scheduling-1] INFO  com.penghk.fund.roboadvisor.service.impl.WeekInvestServiceImpl - hello
2020-03-13 19:00:00.001 [scheduling-1] INFO  com.penghk.fund.roboadvisor.service.impl.WeekInvestServiceImpl - hello
2020-03-13 19:00:30.004 [scheduling-1] INFO  com.penghk.fund.roboadvisor.service.impl.WeekInvestServiceImpl - hello
2020-03-13 19:01:00.001 [scheduling-1] INFO  com.penghk.fund.roboadvisor.service.impl.WeekInvestServiceImpl - hello
2020-03-13 19:01:30.002 [scheduling-1] INFO  com.penghk.fund.roboadvisor.service.impl.WeekInvestServiceImpl - hello
2020-03-13 19:02:00.002 [scheduling-1] INFO  com.penghk.fund.roboadvisor.service.impl.WeekInvestServiceImpl - hello
2020-03-13 19:02:30.003 [scheduling-1] INFO  com.penghk.fund.roboadvisor.service.impl.WeekInvestServiceImpl - hello
2020-03-13 19:03:00.001 [scheduling-1] INFO  com.penghk.fund.roboadvisor.service.impl.WeekInvestServiceImpl - hello
2020-03-13 19:03:30.005 [scheduling-1] INFO  com.penghk.fund.roboadvisor.service.impl.WeekInvestServiceImpl - hello
2020-03-13 19:04:00.001 [scheduling-1] INFO  com.penghk.fund.roboadvisor.service.impl.WeekInvestServiceImpl - hello
2020-03-13 19:04:30.001 [scheduling-1] INFO  com.penghk.fund.roboadvisor.service.impl.WeekInvestServiceImpl - hello
2020-03-13 19:05:00.030 [scheduling-1] INFO  com.penghk.fund.roboadvisor.service.impl.WeekInvestServiceImpl - hello
2020-03-13 19:05:22.543 [http-nio-8080-exec-4] INFO  org.apache.catalina.core.ContainerBase.[Tomcat].[localhost].[/] - Initializing Spring DispatcherServlet 'dispatcherServlet'
2020-03-13 19:05:22.544 [http-nio-8080-exec-4] INFO  org.springframework.web.servlet.DispatcherServlet - Initializing Servlet 'dispatcherServlet'
2020-03-13 19:05:22.556 [http-nio-8080-exec-4] INFO  org.springframework.web.servlet.DispatcherServlet - Completed initialization in 12 ms
2020-03-13 19:05:30.009 [scheduling-1] INFO  com.penghk.fund.roboadvisor.service.impl.WeekInvestServiceImpl - hello
